Copyright 1986-2019 Xilinx, Inc. All Rights Reserved.
---------------------------------------------------------------------------------------------------------------------------------
| Tool Version : Vivado v.2019.2 (lin64) Build 2708876 Wed Nov  6 21:39:14 MST 2019
| Date         : Fri Oct 14 02:26:31 2022
| Host         : supersonic running 64-bit Ubuntu 20.04.5 LTS
| Command      : report_utilization -file pl_eth_10g_wrapper_utilization_placed.rpt -pb pl_eth_10g_wrapper_utilization_placed.pb
| Design       : pl_eth_10g_wrapper
| Device       : xczu9egffvb1156-2
| Design State : Fully Placed
---------------------------------------------------------------------------------------------------------------------------------

Utilization Design Information

Table of Contents
-----------------
1. CLB Logic
1.1 Summary of Registers by Type
2. CLB Logic Distribution
3. BLOCKRAM
4. ARITHMETIC
5. I/O
6. CLOCK
7. ADVANCED
8. CONFIGURATION
9. Primitives
10. Black Boxes
11. Instantiated Netlists

1. CLB Logic
------------

+----------------------------+-------+-------+-----------+-------+
|          Site Type         |  Used | Fixed | Available | Util% |
+----------------------------+-------+-------+-----------+-------+
| CLB LUTs                   | 17576 |     0 |    274080 |  6.41 |
|   LUT as Logic             | 16762 |     0 |    274080 |  6.12 |
|   LUT as Memory            |   814 |     0 |    144000 |  0.57 |
|     LUT as Distributed RAM |   430 |     0 |           |       |
|     LUT as Shift Register  |   384 |     0 |           |       |
| CLB Registers              | 33555 |     0 |    548160 |  6.12 |
|   Register as Flip Flop    | 33555 |     0 |    548160 |  6.12 |
|   Register as Latch        |     0 |     0 |    548160 |  0.00 |
| CARRY8                     |   674 |     0 |     34260 |  1.97 |
| F7 Muxes                   |   517 |     0 |    137040 |  0.38 |
| F8 Muxes                   |   162 |     0 |     68520 |  0.24 |
| F9 Muxes                   |     0 |     0 |     34260 |  0.00 |
+----------------------------+-------+-------+-----------+-------+


1.1 Summary of Registers by Type
--------------------------------

+-------+--------------+-------------+--------------+
| Total | Clock Enable | Synchronous | Asynchronous |
+-------+--------------+-------------+--------------+
| 0     |            _ |           - |            - |
| 0     |            _ |           - |          Set |
| 0     |            _ |           - |        Reset |
| 0     |            _ |         Set |            - |
| 0     |            _ |       Reset |            - |
| 0     |          Yes |           - |            - |
| 261   |          Yes |           - |          Set |
| 286   |          Yes |           - |        Reset |
| 1892  |          Yes |         Set |            - |
| 31116 |          Yes |       Reset |            - |
+-------+--------------+-------------+--------------+


2. CLB Logic Distribution
-------------------------

+--------------------------------------------+-------+-------+-----------+-------+
|                  Site Type                 |  Used | Fixed | Available | Util% |
+--------------------------------------------+-------+-------+-----------+-------+
| CLB                                        |  5510 |     0 |     34260 | 16.08 |
|   CLBL                                     |  2627 |     0 |           |       |
|   CLBM                                     |  2883 |     0 |           |       |
| LUT as Logic                               | 16762 |     0 |    274080 |  6.12 |
|   using O5 output only                     |   542 |       |           |       |
|   using O6 output only                     | 11968 |       |           |       |
|   using O5 and O6                          |  4252 |       |           |       |
| LUT as Memory                              |   814 |     0 |    144000 |  0.57 |
|   LUT as Distributed RAM                   |   430 |     0 |           |       |
|     using O5 output only                   |     0 |       |           |       |
|     using O6 output only                   |     2 |       |           |       |
|     using O5 and O6                        |   428 |       |           |       |
|   LUT as Shift Register                    |   384 |     0 |           |       |
|     using O5 output only                   |     0 |       |           |       |
|     using O6 output only                   |   260 |       |           |       |
|     using O5 and O6                        |   124 |       |           |       |
| CLB Registers                              | 33555 |     0 |    548160 |  6.12 |
|   Register driven from within the CLB      | 12510 |       |           |       |
|   Register driven from outside the CLB     | 21045 |       |           |       |
|     LUT in front of the register is unused | 18194 |       |           |       |
|     LUT in front of the register is used   |  2851 |       |           |       |
| Unique Control Sets                        |  1076 |       |     68520 |  1.57 |
+--------------------------------------------+-------+-------+-----------+-------+
* Note: Available Control Sets calculated as CLB Registers / 8, Review the Control Sets Report for more information regarding control sets.


3. BLOCKRAM
-----------

+-------------------+------+-------+-----------+-------+
|     Site Type     | Used | Fixed | Available | Util% |
+-------------------+------+-------+-----------+-------+
| Block RAM Tile    |  137 |     0 |       912 | 15.02 |
|   RAMB36/FIFO*    |  135 |     0 |       912 | 14.80 |
|     RAMB36E2 only |  135 |       |           |       |
|   RAMB18          |    4 |     0 |      1824 |  0.22 |
|     RAMB18E2 only |    4 |       |           |       |
+-------------------+------+-------+-----------+-------+
* Note: Each Block RAM Tile only has one FIFO logic available and therefore can accommodate only one FIFO36E2 or one FIFO18E2. However, if a FIFO18E2 occupies a Block RAM Tile, that tile can still accommodate a RAMB18E2


4. ARITHMETIC
-------------

+-----------+------+-------+-----------+-------+
| Site Type | Used | Fixed | Available | Util% |
+-----------+------+-------+-----------+-------+
| DSPs      |    0 |     0 |      2520 |  0.00 |
+-----------+------+-------+-----------+-------+


5. I/O
------

+------------------+------+-------+-----------+-------+
|     Site Type    | Used | Fixed | Available | Util% |
+------------------+------+-------+-----------+-------+
| Bonded IOB       |    1 |     1 |       328 |  0.30 |
| HPIOB_M          |    0 |     0 |        96 |  0.00 |
| HPIOB_S          |    0 |     0 |        96 |  0.00 |
| HDIOB_M          |    0 |     0 |        60 |  0.00 |
| HDIOB_S          |    1 |     1 |        60 |  1.67 |
|   INPUT          |    0 |       |           |       |
|   OUTPUT         |    1 |       |           |       |
|   BIDIR          |    0 |       |           |       |
| HPIOB_SNGL       |    0 |     0 |        16 |  0.00 |
| HPIOBDIFFINBUF   |    0 |     0 |        96 |  0.00 |
| HPIOBDIFFOUTBUF  |    0 |     0 |        96 |  0.00 |
| HDIOBDIFFINBUF   |    0 |     0 |        60 |  0.00 |
| BITSLICE_CONTROL |    0 |     0 |        32 |  0.00 |
| BITSLICE_RX_TX   |    0 |     0 |       208 |  0.00 |
| BITSLICE_TX      |    0 |     0 |        32 |  0.00 |
| RIU_OR           |    0 |     0 |        16 |  0.00 |
+------------------+------+-------+-----------+-------+


6. CLOCK
--------

+----------------------+------+-------+-----------+-------+
|       Site Type      | Used | Fixed | Available | Util% |
+----------------------+------+-------+-----------+-------+
| GLOBAL CLOCK BUFFERs |    7 |     0 |       404 |  1.73 |
|   BUFGCE             |    2 |     0 |       116 |  1.72 |
|   BUFGCE_DIV         |    0 |     0 |        16 |  0.00 |
|   BUFG_GT            |    4 |     0 |       168 |  2.38 |
|   BUFG_PS            |    1 |     0 |        72 |  1.39 |
|   BUFGCTRL*          |    0 |     0 |        32 |  0.00 |
| PLL                  |    0 |     0 |         8 |  0.00 |
| MMCM                 |    0 |     0 |         4 |  0.00 |
+----------------------+------+-------+-----------+-------+
* Note: Each used BUFGCTRL counts as two GLOBAL CLOCK BUFFERs. This table does not include global clocking resources, only buffer cell usage. See the Clock Utilization Report (report_clock_utilization) for detailed accounting of global clocking resource availability.


7. ADVANCED
-----------

+-----------------+------+-------+-----------+--------+
|    Site Type    | Used | Fixed | Available |  Util% |
+-----------------+------+-------+-----------+--------+
| GTHE4_CHANNEL   |    1 |     1 |        24 |   4.17 |
| GTHE4_COMMON    |    1 |     0 |         6 |  16.67 |
| OBUFDS_GTE4     |    0 |     0 |        12 |   0.00 |
| OBUFDS_GTE4_ADV |    0 |     0 |        12 |   0.00 |
| PS8             |    1 |     0 |         1 | 100.00 |
| SYSMONE4        |    0 |     0 |         1 |   0.00 |
+-----------------+------+-------+-----------+--------+


8. CONFIGURATION
----------------

+-------------+------+-------+-----------+-------+
|  Site Type  | Used | Fixed | Available | Util% |
+-------------+------+-------+-----------+-------+
| BSCANE2     |    0 |     0 |         4 |  0.00 |
| DNA_PORTE2  |    0 |     0 |         1 |  0.00 |
| EFUSE_USR   |    0 |     0 |         1 |  0.00 |
| FRAME_ECCE4 |    0 |     0 |         1 |  0.00 |
| ICAPE3      |    0 |     0 |         2 |  0.00 |
| MASTER_JTAG |    0 |     0 |         1 |  0.00 |
| STARTUPE3   |    0 |     0 |         1 |  0.00 |
+-------------+------+-------+-----------+-------+


9. Primitives
-------------

+---------------+-------+---------------------+
|    Ref Name   |  Used | Functional Category |
+---------------+-------+---------------------+
| FDRE          | 31116 |            Register |
| LUT6          |  6267 |                 CLB |
| LUT2          |  5575 |                 CLB |
| LUT3          |  3287 |                 CLB |
| LUT5          |  2787 |                 CLB |
| LUT4          |  2706 |                 CLB |
| FDSE          |  1892 |            Register |
| RAMD32        |   736 |                 CLB |
| CARRY8        |   674 |                 CLB |
| MUXF7         |   517 |                 CLB |
| LUT1          |   392 |                 CLB |
| SRL16E        |   356 |                 CLB |
| FDCE          |   286 |            Register |
| FDPE          |   261 |            Register |
| MUXF8         |   162 |                 CLB |
| SRLC32E       |   152 |                 CLB |
| RAMB36E2      |   135 |           Block Ram |
| RAMS32        |   120 |                 CLB |
| RAMB18E2      |     4 |           Block Ram |
| BUFG_GT       |     4 |               Clock |
| RAMS64E       |     2 |                 CLB |
| BUFG_GT_SYNC  |     2 |               Clock |
| BUFGCE        |     2 |               Clock |
| PS8           |     1 |            Advanced |
| OBUF          |     1 |                 I/O |
| IBUFDS_GTE4   |     1 |                 I/O |
| GTHE4_COMMON  |     1 |            Advanced |
| GTHE4_CHANNEL |     1 |            Advanced |
| BUFG_PS       |     1 |               Clock |
+---------------+-------+---------------------+


10. Black Boxes
---------------

+----------+------+
| Ref Name | Used |
+----------+------+


11. Instantiated Netlists
-------------------------

+----------+------+
| Ref Name | Used |
+----------+------+


