Vivado Simulator 2019.2
Copyright 1986-1999, 2001-2019 Xilinx, Inc. All Rights Reserved.
Running: /tools/Xilinx/Vivado/2019.2/bin/unwrapped/lnx64.o/xelab -wto 9eb345a6795a4a5ebe1b6d4f98f8a7fd --incr --debug typical --relax --mt 8 -L lib_pkg_v1_0_2 -L fifo_generator_v13_2_5 -L lib_fifo_v1_0_14 -L lib_srl_fifo_v1_0_2 -L lib_cdc_v1_0_2 -L axi_datamover_v5_1_22 -L axi_sg_v4_1_13 -L axi_dma_v7_1_21 -L xil_defaultlib -L util_vector_logic_v2_0_1 -L axis_infrastructure_v1_1_0 -L axis_data_fifo_v2_0_2 -L xlconstant_v1_1_6 -L gtwizard_ultrascale_v1_7_7 -L xxv_ethernet_v3_1_0 -L generic_baseblocks_v2_1_0 -L axi_infrastructure_v1_1_0 -L axi_register_slice_v2_1_20 -L axi_data_fifo_v2_1_19 -L axi_crossbar_v2_1_21 -L axi_protocol_converter_v2_1_20 -L axi_clock_converter_v2_1_19 -L blk_mem_gen_v8_4_4 -L axi_dwidth_converter_v2_1_20 -L axi_mmu_v2_1_18 -L proc_sys_reset_v5_0_13 -L xlconcat_v2_1_3 -L axi_vip_v1_1_6 -L zynq_ultra_ps_e_vip_v1_0_6 -L xilinx_vip -L unisims_ver -L unimacro_ver -L secureip -L xpm --snapshot pl_eth_10g_wrapper_behav xil_defaultlib.pl_eth_10g_wrapper xil_defaultlib.glbl -log elaborate.log 
Using 8 slave threads.
Starting static elaboration
Pass Through NonSizing Optimizer
WARNING: [VRFC 10-3091] actual bit length 2 differs from formal bit length 8 for port 'dmonout_cpl' [/wrk/2019.2/continuous/2019_11_06_2708876/data/secureip/gthe4_channel/gthe4_channel_002.vp:26135]
WARNING: [VRFC 10-3091] actual bit length 2 differs from formal bit length 3 for port 's_axi_arready' [/home/supersonic/Lab/ZCU102-Ethernet/2019.2/pl_eth_10g/Hardware/pl_eth_10g_hw/pl_eth_10g.srcs/sources_1/bd/pl_eth_10g/sim/pl_eth_10g.v:2875]
WARNING: [VRFC 10-3091] actual bit length 256 differs from formal bit length 384 for port 's_axi_rdata' [/home/supersonic/Lab/ZCU102-Ethernet/2019.2/pl_eth_10g/Hardware/pl_eth_10g_hw/pl_eth_10g.srcs/sources_1/bd/pl_eth_10g/sim/pl_eth_10g.v:2892]
WARNING: [VRFC 10-3091] actual bit length 2 differs from formal bit length 3 for port 's_axi_rlast' [/home/supersonic/Lab/ZCU102-Ethernet/2019.2/pl_eth_10g/Hardware/pl_eth_10g_hw/pl_eth_10g.srcs/sources_1/bd/pl_eth_10g/sim/pl_eth_10g.v:2893]
WARNING: [VRFC 10-3091] actual bit length 4 differs from formal bit length 6 for port 's_axi_rresp' [/home/supersonic/Lab/ZCU102-Ethernet/2019.2/pl_eth_10g/Hardware/pl_eth_10g_hw/pl_eth_10g.srcs/sources_1/bd/pl_eth_10g/sim/pl_eth_10g.v:2895]
WARNING: [VRFC 10-3091] actual bit length 2 differs from formal bit length 3 for port 's_axi_rvalid' [/home/supersonic/Lab/ZCU102-Ethernet/2019.2/pl_eth_10g/Hardware/pl_eth_10g_hw/pl_eth_10g.srcs/sources_1/bd/pl_eth_10g/sim/pl_eth_10g.v:2896]
WARNING: [VRFC 10-3091] actual bit length 12 differs from formal bit length 16 for port 'MAXIGP0BID' [/home/supersonic/Lab/ZCU102-Ethernet/2019.2/pl_eth_10g/Hardware/pl_eth_10g_hw/pl_eth_10g.srcs/sources_1/bd/pl_eth_10g/ip/pl_eth_10g_zynq_ultra_ps_e_0_0/sim/pl_eth_10g_zynq_ultra_ps_e_0_0_vip_wrapper.v:332]
WARNING: [VRFC 10-3091] actual bit length 12 differs from formal bit length 16 for port 'MAXIGP0RID' [/home/supersonic/Lab/ZCU102-Ethernet/2019.2/pl_eth_10g/Hardware/pl_eth_10g_hw/pl_eth_10g.srcs/sources_1/bd/pl_eth_10g/ip/pl_eth_10g_zynq_ultra_ps_e_0_0/sim/pl_eth_10g_zynq_ultra_ps_e_0_0_vip_wrapper.v:333]
WARNING: [VRFC 10-3091] actual bit length 32 differs from formal bit length 128 for port 'MAXIGP0RDATA' [/home/supersonic/Lab/ZCU102-Ethernet/2019.2/pl_eth_10g/Hardware/pl_eth_10g_hw/pl_eth_10g.srcs/sources_1/bd/pl_eth_10g/ip/pl_eth_10g_zynq_ultra_ps_e_0_0/sim/pl_eth_10g_zynq_ultra_ps_e_0_0_vip_wrapper.v:336]
WARNING: [VRFC 10-3091] actual bit length 12 differs from formal bit length 16 for port 'MAXIGP1BID' [/home/supersonic/Lab/ZCU102-Ethernet/2019.2/pl_eth_10g/Hardware/pl_eth_10g_hw/pl_eth_10g.srcs/sources_1/bd/pl_eth_10g/ip/pl_eth_10g_zynq_ultra_ps_e_0_0/sim/pl_eth_10g_zynq_ultra_ps_e_0_0_vip_wrapper.v:372]
WARNING: [VRFC 10-3091] actual bit length 12 differs from formal bit length 16 for port 'MAXIGP1RID' [/home/supersonic/Lab/ZCU102-Ethernet/2019.2/pl_eth_10g/Hardware/pl_eth_10g_hw/pl_eth_10g.srcs/sources_1/bd/pl_eth_10g/ip/pl_eth_10g_zynq_ultra_ps_e_0_0/sim/pl_eth_10g_zynq_ultra_ps_e_0_0_vip_wrapper.v:373]
WARNING: [VRFC 10-3091] actual bit length 32 differs from formal bit length 128 for port 'MAXIGP1RDATA' [/home/supersonic/Lab/ZCU102-Ethernet/2019.2/pl_eth_10g/Hardware/pl_eth_10g_hw/pl_eth_10g.srcs/sources_1/bd/pl_eth_10g/ip/pl_eth_10g_zynq_ultra_ps_e_0_0/sim/pl_eth_10g_zynq_ultra_ps_e_0_0_vip_wrapper.v:376]
WARNING: [VRFC 10-3091] actual bit length 2 differs from formal bit length 1 for port 'SAXIGP0ARLOCK' [/home/supersonic/Lab/ZCU102-Ethernet/2019.2/pl_eth_10g/Hardware/pl_eth_10g_hw/pl_eth_10g.srcs/sources_1/bd/pl_eth_10g/ip/pl_eth_10g_zynq_ultra_ps_e_0_0/sim/pl_eth_10g_zynq_ultra_ps_e_0_0_vip_wrapper.v:445]
WARNING: [VRFC 10-3091] actual bit length 2 differs from formal bit length 1 for port 'SAXIGP0AWLOCK' [/home/supersonic/Lab/ZCU102-Ethernet/2019.2/pl_eth_10g/Hardware/pl_eth_10g_hw/pl_eth_10g.srcs/sources_1/bd/pl_eth_10g/ip/pl_eth_10g_zynq_ultra_ps_e_0_0/sim/pl_eth_10g_zynq_ultra_ps_e_0_0_vip_wrapper.v:448]
WARNING: [VRFC 10-3091] actual bit length 32 differs from formal bit length 40 for port 'SAXIGP0ARADDR' [/home/supersonic/Lab/ZCU102-Ethernet/2019.2/pl_eth_10g/Hardware/pl_eth_10g_hw/pl_eth_10g.srcs/sources_1/bd/pl_eth_10g/ip/pl_eth_10g_zynq_ultra_ps_e_0_0/sim/pl_eth_10g_zynq_ultra_ps_e_0_0_vip_wrapper.v:452]
WARNING: [VRFC 10-3091] actual bit length 32 differs from formal bit length 40 for port 'SAXIGP0AWADDR' [/home/supersonic/Lab/ZCU102-Ethernet/2019.2/pl_eth_10g/Hardware/pl_eth_10g_hw/pl_eth_10g.srcs/sources_1/bd/pl_eth_10g/ip/pl_eth_10g_zynq_ultra_ps_e_0_0/sim/pl_eth_10g_zynq_ultra_ps_e_0_0_vip_wrapper.v:453]
WARNING: [VRFC 10-3091] actual bit length 32 differs from formal bit length 128 for port 'SAXIGP0WDATA' [/home/supersonic/Lab/ZCU102-Ethernet/2019.2/pl_eth_10g/Hardware/pl_eth_10g_hw/pl_eth_10g.srcs/sources_1/bd/pl_eth_10g/ip/pl_eth_10g_zynq_ultra_ps_e_0_0/sim/pl_eth_10g_zynq_ultra_ps_e_0_0_vip_wrapper.v:454]
WARNING: [VRFC 10-3091] actual bit length 4 differs from formal bit length 8 for port 'SAXIGP0ARLEN' [/home/supersonic/Lab/ZCU102-Ethernet/2019.2/pl_eth_10g/Hardware/pl_eth_10g_hw/pl_eth_10g.srcs/sources_1/bd/pl_eth_10g/ip/pl_eth_10g_zynq_ultra_ps_e_0_0/sim/pl_eth_10g_zynq_ultra_ps_e_0_0_vip_wrapper.v:456]
WARNING: [VRFC 10-3091] actual bit length 4 differs from formal bit length 8 for port 'SAXIGP0AWLEN' [/home/supersonic/Lab/ZCU102-Ethernet/2019.2/pl_eth_10g/Hardware/pl_eth_10g_hw/pl_eth_10g.srcs/sources_1/bd/pl_eth_10g/ip/pl_eth_10g_zynq_ultra_ps_e_0_0/sim/pl_eth_10g_zynq_ultra_ps_e_0_0_vip_wrapper.v:459]
WARNING: [VRFC 10-3091] actual bit length 4 differs from formal bit length 16 for port 'SAXIGP0WSTRB' [/home/supersonic/Lab/ZCU102-Ethernet/2019.2/pl_eth_10g/Hardware/pl_eth_10g_hw/pl_eth_10g.srcs/sources_1/bd/pl_eth_10g/ip/pl_eth_10g_zynq_ultra_ps_e_0_0/sim/pl_eth_10g_zynq_ultra_ps_e_0_0_vip_wrapper.v:461]
WARNING: [VRFC 10-3091] actual bit length 2 differs from formal bit length 1 for port 'SAXIGP1ARLOCK' [/home/supersonic/Lab/ZCU102-Ethernet/2019.2/pl_eth_10g/Hardware/pl_eth_10g_hw/pl_eth_10g.srcs/sources_1/bd/pl_eth_10g/ip/pl_eth_10g_zynq_ultra_ps_e_0_0/sim/pl_eth_10g_zynq_ultra_ps_e_0_0_vip_wrapper.v:490]
WARNING: [VRFC 10-3091] actual bit length 2 differs from formal bit length 1 for port 'SAXIGP1AWLOCK' [/home/supersonic/Lab/ZCU102-Ethernet/2019.2/pl_eth_10g/Hardware/pl_eth_10g_hw/pl_eth_10g.srcs/sources_1/bd/pl_eth_10g/ip/pl_eth_10g_zynq_ultra_ps_e_0_0/sim/pl_eth_10g_zynq_ultra_ps_e_0_0_vip_wrapper.v:493]
WARNING: [VRFC 10-3091] actual bit length 32 differs from formal bit length 40 for port 'SAXIGP1ARADDR' [/home/supersonic/Lab/ZCU102-Ethernet/2019.2/pl_eth_10g/Hardware/pl_eth_10g_hw/pl_eth_10g.srcs/sources_1/bd/pl_eth_10g/ip/pl_eth_10g_zynq_ultra_ps_e_0_0/sim/pl_eth_10g_zynq_ultra_ps_e_0_0_vip_wrapper.v:497]
WARNING: [VRFC 10-3091] actual bit length 32 differs from formal bit length 40 for port 'SAXIGP1AWADDR' [/home/supersonic/Lab/ZCU102-Ethernet/2019.2/pl_eth_10g/Hardware/pl_eth_10g_hw/pl_eth_10g.srcs/sources_1/bd/pl_eth_10g/ip/pl_eth_10g_zynq_ultra_ps_e_0_0/sim/pl_eth_10g_zynq_ultra_ps_e_0_0_vip_wrapper.v:498]
WARNING: [VRFC 10-3091] actual bit length 32 differs from formal bit length 128 for port 'SAXIGP1WDATA' [/home/supersonic/Lab/ZCU102-Ethernet/2019.2/pl_eth_10g/Hardware/pl_eth_10g_hw/pl_eth_10g.srcs/sources_1/bd/pl_eth_10g/ip/pl_eth_10g_zynq_ultra_ps_e_0_0/sim/pl_eth_10g_zynq_ultra_ps_e_0_0_vip_wrapper.v:499]
WARNING: [VRFC 10-3091] actual bit length 4 differs from formal bit length 8 for port 'SAXIGP1ARLEN' [/home/supersonic/Lab/ZCU102-Ethernet/2019.2/pl_eth_10g/Hardware/pl_eth_10g_hw/pl_eth_10g.srcs/sources_1/bd/pl_eth_10g/ip/pl_eth_10g_zynq_ultra_ps_e_0_0/sim/pl_eth_10g_zynq_ultra_ps_e_0_0_vip_wrapper.v:501]
WARNING: [VRFC 10-3091] actual bit length 4 differs from formal bit length 8 for port 'SAXIGP1AWLEN' [/home/supersonic/Lab/ZCU102-Ethernet/2019.2/pl_eth_10g/Hardware/pl_eth_10g_hw/pl_eth_10g.srcs/sources_1/bd/pl_eth_10g/ip/pl_eth_10g_zynq_ultra_ps_e_0_0/sim/pl_eth_10g_zynq_ultra_ps_e_0_0_vip_wrapper.v:504]
WARNING: [VRFC 10-3091] actual bit length 4 differs from formal bit length 16 for port 'SAXIGP1WSTRB' [/home/supersonic/Lab/ZCU102-Ethernet/2019.2/pl_eth_10g/Hardware/pl_eth_10g_hw/pl_eth_10g.srcs/sources_1/bd/pl_eth_10g/ip/pl_eth_10g_zynq_ultra_ps_e_0_0/sim/pl_eth_10g_zynq_ultra_ps_e_0_0_vip_wrapper.v:506]
WARNING: [VRFC 10-3091] actual bit length 1 differs from formal bit length 4 for port 'SAXIGP2RACOUNT' [/home/supersonic/Lab/ZCU102-Ethernet/2019.2/pl_eth_10g/Hardware/pl_eth_10g_hw/pl_eth_10g.srcs/sources_1/bd/pl_eth_10g/ip/pl_eth_10g_zynq_ultra_ps_e_0_0/sim/pl_eth_10g_zynq_ultra_ps_e_0_0_vip_wrapper.v:513]
WARNING: [VRFC 10-3091] actual bit length 1 differs from formal bit length 4 for port 'SAXIGP2WACOUNT' [/home/supersonic/Lab/ZCU102-Ethernet/2019.2/pl_eth_10g/Hardware/pl_eth_10g_hw/pl_eth_10g.srcs/sources_1/bd/pl_eth_10g/ip/pl_eth_10g_zynq_ultra_ps_e_0_0/sim/pl_eth_10g_zynq_ultra_ps_e_0_0_vip_wrapper.v:514]
WARNING: [VRFC 10-3091] actual bit length 1 differs from formal bit length 8 for port 'SAXIGP2RCOUNT' [/home/supersonic/Lab/ZCU102-Ethernet/2019.2/pl_eth_10g/Hardware/pl_eth_10g_hw/pl_eth_10g.srcs/sources_1/bd/pl_eth_10g/ip/pl_eth_10g_zynq_ultra_ps_e_0_0/sim/pl_eth_10g_zynq_ultra_ps_e_0_0_vip_wrapper.v:515]
WARNING: [VRFC 10-3091] actual bit length 1 differs from formal bit length 8 for port 'SAXIGP2WCOUNT' [/home/supersonic/Lab/ZCU102-Ethernet/2019.2/pl_eth_10g/Hardware/pl_eth_10g_hw/pl_eth_10g.srcs/sources_1/bd/pl_eth_10g/ip/pl_eth_10g_zynq_ultra_ps_e_0_0/sim/pl_eth_10g_zynq_ultra_ps_e_0_0_vip_wrapper.v:516]
WARNING: [VRFC 10-3091] actual bit length 49 differs from formal bit length 40 for port 'SAXIGP2ARADDR' [/home/supersonic/Lab/ZCU102-Ethernet/2019.2/pl_eth_10g/Hardware/pl_eth_10g_hw/pl_eth_10g.srcs/sources_1/bd/pl_eth_10g/ip/pl_eth_10g_zynq_ultra_ps_e_0_0/sim/pl_eth_10g_zynq_ultra_ps_e_0_0_vip_wrapper.v:542]
WARNING: [VRFC 10-3091] actual bit length 49 differs from formal bit length 40 for port 'SAXIGP2AWADDR' [/home/supersonic/Lab/ZCU102-Ethernet/2019.2/pl_eth_10g/Hardware/pl_eth_10g_hw/pl_eth_10g.srcs/sources_1/bd/pl_eth_10g/ip/pl_eth_10g_zynq_ultra_ps_e_0_0/sim/pl_eth_10g_zynq_ultra_ps_e_0_0_vip_wrapper.v:543]
WARNING: [VRFC 10-3091] actual bit length 2 differs from formal bit length 1 for port 'SAXIGP3ARLOCK' [/home/supersonic/Lab/ZCU102-Ethernet/2019.2/pl_eth_10g/Hardware/pl_eth_10g_hw/pl_eth_10g.srcs/sources_1/bd/pl_eth_10g/ip/pl_eth_10g_zynq_ultra_ps_e_0_0/sim/pl_eth_10g_zynq_ultra_ps_e_0_0_vip_wrapper.v:580]
WARNING: [VRFC 10-3091] actual bit length 2 differs from formal bit length 1 for port 'SAXIGP3AWLOCK' [/home/supersonic/Lab/ZCU102-Ethernet/2019.2/pl_eth_10g/Hardware/pl_eth_10g_hw/pl_eth_10g.srcs/sources_1/bd/pl_eth_10g/ip/pl_eth_10g_zynq_ultra_ps_e_0_0/sim/pl_eth_10g_zynq_ultra_ps_e_0_0_vip_wrapper.v:583]
WARNING: [VRFC 10-3091] actual bit length 32 differs from formal bit length 40 for port 'SAXIGP3ARADDR' [/home/supersonic/Lab/ZCU102-Ethernet/2019.2/pl_eth_10g/Hardware/pl_eth_10g_hw/pl_eth_10g.srcs/sources_1/bd/pl_eth_10g/ip/pl_eth_10g_zynq_ultra_ps_e_0_0/sim/pl_eth_10g_zynq_ultra_ps_e_0_0_vip_wrapper.v:587]
WARNING: [VRFC 10-3091] actual bit length 32 differs from formal bit length 40 for port 'SAXIGP3AWADDR' [/home/supersonic/Lab/ZCU102-Ethernet/2019.2/pl_eth_10g/Hardware/pl_eth_10g_hw/pl_eth_10g.srcs/sources_1/bd/pl_eth_10g/ip/pl_eth_10g_zynq_ultra_ps_e_0_0/sim/pl_eth_10g_zynq_ultra_ps_e_0_0_vip_wrapper.v:588]
WARNING: [VRFC 10-3091] actual bit length 32 differs from formal bit length 128 for port 'SAXIGP3WDATA' [/home/supersonic/Lab/ZCU102-Ethernet/2019.2/pl_eth_10g/Hardware/pl_eth_10g_hw/pl_eth_10g.srcs/sources_1/bd/pl_eth_10g/ip/pl_eth_10g_zynq_ultra_ps_e_0_0/sim/pl_eth_10g_zynq_ultra_ps_e_0_0_vip_wrapper.v:589]
WARNING: [VRFC 10-3091] actual bit length 4 differs from formal bit length 8 for port 'SAXIGP3ARLEN' [/home/supersonic/Lab/ZCU102-Ethernet/2019.2/pl_eth_10g/Hardware/pl_eth_10g_hw/pl_eth_10g.srcs/sources_1/bd/pl_eth_10g/ip/pl_eth_10g_zynq_ultra_ps_e_0_0/sim/pl_eth_10g_zynq_ultra_ps_e_0_0_vip_wrapper.v:591]
WARNING: [VRFC 10-3091] actual bit length 4 differs from formal bit length 8 for port 'SAXIGP3AWLEN' [/home/supersonic/Lab/ZCU102-Ethernet/2019.2/pl_eth_10g/Hardware/pl_eth_10g_hw/pl_eth_10g.srcs/sources_1/bd/pl_eth_10g/ip/pl_eth_10g_zynq_ultra_ps_e_0_0/sim/pl_eth_10g_zynq_ultra_ps_e_0_0_vip_wrapper.v:594]
WARNING: [VRFC 10-3091] actual bit length 4 differs from formal bit length 16 for port 'SAXIGP3WSTRB' [/home/supersonic/Lab/ZCU102-Ethernet/2019.2/pl_eth_10g/Hardware/pl_eth_10g_hw/pl_eth_10g.srcs/sources_1/bd/pl_eth_10g/ip/pl_eth_10g_zynq_ultra_ps_e_0_0/sim/pl_eth_10g_zynq_ultra_ps_e_0_0_vip_wrapper.v:596]
WARNING: [VRFC 10-3091] actual bit length 2 differs from formal bit length 1 for port 'SAXIGP4ARLOCK' [/home/supersonic/Lab/ZCU102-Ethernet/2019.2/pl_eth_10g/Hardware/pl_eth_10g_hw/pl_eth_10g.srcs/sources_1/bd/pl_eth_10g/ip/pl_eth_10g_zynq_ultra_ps_e_0_0/sim/pl_eth_10g_zynq_ultra_ps_e_0_0_vip_wrapper.v:625]
WARNING: [VRFC 10-3091] actual bit length 2 differs from formal bit length 1 for port 'SAXIGP4AWLOCK' [/home/supersonic/Lab/ZCU102-Ethernet/2019.2/pl_eth_10g/Hardware/pl_eth_10g_hw/pl_eth_10g.srcs/sources_1/bd/pl_eth_10g/ip/pl_eth_10g_zynq_ultra_ps_e_0_0/sim/pl_eth_10g_zynq_ultra_ps_e_0_0_vip_wrapper.v:628]
WARNING: [VRFC 10-3091] actual bit length 32 differs from formal bit length 40 for port 'SAXIGP4ARADDR' [/home/supersonic/Lab/ZCU102-Ethernet/2019.2/pl_eth_10g/Hardware/pl_eth_10g_hw/pl_eth_10g.srcs/sources_1/bd/pl_eth_10g/ip/pl_eth_10g_zynq_ultra_ps_e_0_0/sim/pl_eth_10g_zynq_ultra_ps_e_0_0_vip_wrapper.v:632]
WARNING: [VRFC 10-3091] actual bit length 32 differs from formal bit length 40 for port 'SAXIGP4AWADDR' [/home/supersonic/Lab/ZCU102-Ethernet/2019.2/pl_eth_10g/Hardware/pl_eth_10g_hw/pl_eth_10g.srcs/sources_1/bd/pl_eth_10g/ip/pl_eth_10g_zynq_ultra_ps_e_0_0/sim/pl_eth_10g_zynq_ultra_ps_e_0_0_vip_wrapper.v:633]
WARNING: [VRFC 10-3091] actual bit length 32 differs from formal bit length 128 for port 'SAXIGP4WDATA' [/home/supersonic/Lab/ZCU102-Ethernet/2019.2/pl_eth_10g/Hardware/pl_eth_10g_hw/pl_eth_10g.srcs/sources_1/bd/pl_eth_10g/ip/pl_eth_10g_zynq_ultra_ps_e_0_0/sim/pl_eth_10g_zynq_ultra_ps_e_0_0_vip_wrapper.v:634]
WARNING: [VRFC 10-3091] actual bit length 4 differs from formal bit length 8 for port 'SAXIGP4ARLEN' [/home/supersonic/Lab/ZCU102-Ethernet/2019.2/pl_eth_10g/Hardware/pl_eth_10g_hw/pl_eth_10g.srcs/sources_1/bd/pl_eth_10g/ip/pl_eth_10g_zynq_ultra_ps_e_0_0/sim/pl_eth_10g_zynq_ultra_ps_e_0_0_vip_wrapper.v:636]
WARNING: [VRFC 10-3091] actual bit length 4 differs from formal bit length 8 for port 'SAXIGP4AWLEN' [/home/supersonic/Lab/ZCU102-Ethernet/2019.2/pl_eth_10g/Hardware/pl_eth_10g_hw/pl_eth_10g.srcs/sources_1/bd/pl_eth_10g/ip/pl_eth_10g_zynq_ultra_ps_e_0_0/sim/pl_eth_10g_zynq_ultra_ps_e_0_0_vip_wrapper.v:639]
WARNING: [VRFC 10-3091] actual bit length 4 differs from formal bit length 16 for port 'SAXIGP4WSTRB' [/home/supersonic/Lab/ZCU102-Ethernet/2019.2/pl_eth_10g/Hardware/pl_eth_10g_hw/pl_eth_10g.srcs/sources_1/bd/pl_eth_10g/ip/pl_eth_10g_zynq_ultra_ps_e_0_0/sim/pl_eth_10g_zynq_ultra_ps_e_0_0_vip_wrapper.v:641]
WARNING: [VRFC 10-3091] actual bit length 2 differs from formal bit length 1 for port 'SAXIGP5ARLOCK' [/home/supersonic/Lab/ZCU102-Ethernet/2019.2/pl_eth_10g/Hardware/pl_eth_10g_hw/pl_eth_10g.srcs/sources_1/bd/pl_eth_10g/ip/pl_eth_10g_zynq_ultra_ps_e_0_0/sim/pl_eth_10g_zynq_ultra_ps_e_0_0_vip_wrapper.v:670]
WARNING: [VRFC 10-3091] actual bit length 2 differs from formal bit length 1 for port 'SAXIGP5AWLOCK' [/home/supersonic/Lab/ZCU102-Ethernet/2019.2/pl_eth_10g/Hardware/pl_eth_10g_hw/pl_eth_10g.srcs/sources_1/bd/pl_eth_10g/ip/pl_eth_10g_zynq_ultra_ps_e_0_0/sim/pl_eth_10g_zynq_ultra_ps_e_0_0_vip_wrapper.v:673]
WARNING: [VRFC 10-3091] actual bit length 32 differs from formal bit length 40 for port 'SAXIGP5ARADDR' [/home/supersonic/Lab/ZCU102-Ethernet/2019.2/pl_eth_10g/Hardware/pl_eth_10g_hw/pl_eth_10g.srcs/sources_1/bd/pl_eth_10g/ip/pl_eth_10g_zynq_ultra_ps_e_0_0/sim/pl_eth_10g_zynq_ultra_ps_e_0_0_vip_wrapper.v:677]
WARNING: [VRFC 10-3091] actual bit length 32 differs from formal bit length 40 for port 'SAXIGP5AWADDR' [/home/supersonic/Lab/ZCU102-Ethernet/2019.2/pl_eth_10g/Hardware/pl_eth_10g_hw/pl_eth_10g.srcs/sources_1/bd/pl_eth_10g/ip/pl_eth_10g_zynq_ultra_ps_e_0_0/sim/pl_eth_10g_zynq_ultra_ps_e_0_0_vip_wrapper.v:678]
WARNING: [VRFC 10-3091] actual bit length 32 differs from formal bit length 128 for port 'SAXIGP5WDATA' [/home/supersonic/Lab/ZCU102-Ethernet/2019.2/pl_eth_10g/Hardware/pl_eth_10g_hw/pl_eth_10g.srcs/sources_1/bd/pl_eth_10g/ip/pl_eth_10g_zynq_ultra_ps_e_0_0/sim/pl_eth_10g_zynq_ultra_ps_e_0_0_vip_wrapper.v:679]
WARNING: [VRFC 10-3091] actual bit length 4 differs from formal bit length 8 for port 'SAXIGP5ARLEN' [/home/supersonic/Lab/ZCU102-Ethernet/2019.2/pl_eth_10g/Hardware/pl_eth_10g_hw/pl_eth_10g.srcs/sources_1/bd/pl_eth_10g/ip/pl_eth_10g_zynq_ultra_ps_e_0_0/sim/pl_eth_10g_zynq_ultra_ps_e_0_0_vip_wrapper.v:681]
WARNING: [VRFC 10-3091] actual bit length 4 differs from formal bit length 8 for port 'SAXIGP5AWLEN' [/home/supersonic/Lab/ZCU102-Ethernet/2019.2/pl_eth_10g/Hardware/pl_eth_10g_hw/pl_eth_10g.srcs/sources_1/bd/pl_eth_10g/ip/pl_eth_10g_zynq_ultra_ps_e_0_0/sim/pl_eth_10g_zynq_ultra_ps_e_0_0_vip_wrapper.v:684]
WARNING: [VRFC 10-3091] actual bit length 4 differs from formal bit length 16 for port 'SAXIGP5WSTRB' [/home/supersonic/Lab/ZCU102-Ethernet/2019.2/pl_eth_10g/Hardware/pl_eth_10g_hw/pl_eth_10g.srcs/sources_1/bd/pl_eth_10g/ip/pl_eth_10g_zynq_ultra_ps_e_0_0/sim/pl_eth_10g_zynq_ultra_ps_e_0_0_vip_wrapper.v:686]
WARNING: [VRFC 10-3091] actual bit length 2 differs from formal bit length 1 for port 'SAXIGP6ARLOCK' [/home/supersonic/Lab/ZCU102-Ethernet/2019.2/pl_eth_10g/Hardware/pl_eth_10g_hw/pl_eth_10g.srcs/sources_1/bd/pl_eth_10g/ip/pl_eth_10g_zynq_ultra_ps_e_0_0/sim/pl_eth_10g_zynq_ultra_ps_e_0_0_vip_wrapper.v:715]
WARNING: [VRFC 10-3091] actual bit length 2 differs from formal bit length 1 for port 'SAXIGP6AWLOCK' [/home/supersonic/Lab/ZCU102-Ethernet/2019.2/pl_eth_10g/Hardware/pl_eth_10g_hw/pl_eth_10g.srcs/sources_1/bd/pl_eth_10g/ip/pl_eth_10g_zynq_ultra_ps_e_0_0/sim/pl_eth_10g_zynq_ultra_ps_e_0_0_vip_wrapper.v:718]
WARNING: [VRFC 10-3091] actual bit length 32 differs from formal bit length 40 for port 'SAXIGP6ARADDR' [/home/supersonic/Lab/ZCU102-Ethernet/2019.2/pl_eth_10g/Hardware/pl_eth_10g_hw/pl_eth_10g.srcs/sources_1/bd/pl_eth_10g/ip/pl_eth_10g_zynq_ultra_ps_e_0_0/sim/pl_eth_10g_zynq_ultra_ps_e_0_0_vip_wrapper.v:722]
WARNING: [VRFC 10-3091] actual bit length 32 differs from formal bit length 40 for port 'SAXIGP6AWADDR' [/home/supersonic/Lab/ZCU102-Ethernet/2019.2/pl_eth_10g/Hardware/pl_eth_10g_hw/pl_eth_10g.srcs/sources_1/bd/pl_eth_10g/ip/pl_eth_10g_zynq_ultra_ps_e_0_0/sim/pl_eth_10g_zynq_ultra_ps_e_0_0_vip_wrapper.v:723]
WARNING: [VRFC 10-3091] actual bit length 32 differs from formal bit length 128 for port 'SAXIGP6WDATA' [/home/supersonic/Lab/ZCU102-Ethernet/2019.2/pl_eth_10g/Hardware/pl_eth_10g_hw/pl_eth_10g.srcs/sources_1/bd/pl_eth_10g/ip/pl_eth_10g_zynq_ultra_ps_e_0_0/sim/pl_eth_10g_zynq_ultra_ps_e_0_0_vip_wrapper.v:724]
WARNING: [VRFC 10-3091] actual bit length 4 differs from formal bit length 8 for port 'SAXIGP6ARLEN' [/home/supersonic/Lab/ZCU102-Ethernet/2019.2/pl_eth_10g/Hardware/pl_eth_10g_hw/pl_eth_10g.srcs/sources_1/bd/pl_eth_10g/ip/pl_eth_10g_zynq_ultra_ps_e_0_0/sim/pl_eth_10g_zynq_ultra_ps_e_0_0_vip_wrapper.v:726]
WARNING: [VRFC 10-3091] actual bit length 4 differs from formal bit length 8 for port 'SAXIGP6AWLEN' [/home/supersonic/Lab/ZCU102-Ethernet/2019.2/pl_eth_10g/Hardware/pl_eth_10g_hw/pl_eth_10g.srcs/sources_1/bd/pl_eth_10g/ip/pl_eth_10g_zynq_ultra_ps_e_0_0/sim/pl_eth_10g_zynq_ultra_ps_e_0_0_vip_wrapper.v:729]
WARNING: [VRFC 10-3091] actual bit length 4 differs from formal bit length 16 for port 'SAXIGP6WSTRB' [/home/supersonic/Lab/ZCU102-Ethernet/2019.2/pl_eth_10g/Hardware/pl_eth_10g_hw/pl_eth_10g.srcs/sources_1/bd/pl_eth_10g/ip/pl_eth_10g_zynq_ultra_ps_e_0_0/sim/pl_eth_10g_zynq_ultra_ps_e_0_0_vip_wrapper.v:731]
WARNING: [VRFC 10-3091] actual bit length 3 differs from formal bit length 5 for port 'SAXIACPARID' [/home/supersonic/Lab/ZCU102-Ethernet/2019.2/pl_eth_10g/Hardware/pl_eth_10g_hw/pl_eth_10g.srcs/sources_1/bd/pl_eth_10g/ip/pl_eth_10g_zynq_ultra_ps_e_0_0/sim/pl_eth_10g_zynq_ultra_ps_e_0_0_vip_wrapper.v:752]
WARNING: [VRFC 10-3091] actual bit length 3 differs from formal bit length 5 for port 'SAXIACPAWID' [/home/supersonic/Lab/ZCU102-Ethernet/2019.2/pl_eth_10g/Hardware/pl_eth_10g_hw/pl_eth_10g.srcs/sources_1/bd/pl_eth_10g/ip/pl_eth_10g_zynq_ultra_ps_e_0_0/sim/pl_eth_10g_zynq_ultra_ps_e_0_0_vip_wrapper.v:754]
WARNING: [VRFC 10-3091] actual bit length 32 differs from formal bit length 40 for port 'SAXIACPARADDR' [/home/supersonic/Lab/ZCU102-Ethernet/2019.2/pl_eth_10g/Hardware/pl_eth_10g_hw/pl_eth_10g.srcs/sources_1/bd/pl_eth_10g/ip/pl_eth_10g_zynq_ultra_ps_e_0_0/sim/pl_eth_10g_zynq_ultra_ps_e_0_0_vip_wrapper.v:756]
WARNING: [VRFC 10-3091] actual bit length 32 differs from formal bit length 40 for port 'SAXIACPAWADDR' [/home/supersonic/Lab/ZCU102-Ethernet/2019.2/pl_eth_10g/Hardware/pl_eth_10g_hw/pl_eth_10g.srcs/sources_1/bd/pl_eth_10g/ip/pl_eth_10g_zynq_ultra_ps_e_0_0/sim/pl_eth_10g_zynq_ultra_ps_e_0_0_vip_wrapper.v:757]
WARNING: [VRFC 10-3091] actual bit length 4 differs from formal bit length 8 for port 'SAXIACPARLEN' [/home/supersonic/Lab/ZCU102-Ethernet/2019.2/pl_eth_10g/Hardware/pl_eth_10g_hw/pl_eth_10g.srcs/sources_1/bd/pl_eth_10g/ip/pl_eth_10g_zynq_ultra_ps_e_0_0/sim/pl_eth_10g_zynq_ultra_ps_e_0_0_vip_wrapper.v:759]
WARNING: [VRFC 10-3091] actual bit length 4 differs from formal bit length 8 for port 'SAXIACPAWLEN' [/home/supersonic/Lab/ZCU102-Ethernet/2019.2/pl_eth_10g/Hardware/pl_eth_10g_hw/pl_eth_10g.srcs/sources_1/bd/pl_eth_10g/ip/pl_eth_10g_zynq_ultra_ps_e_0_0/sim/pl_eth_10g_zynq_ultra_ps_e_0_0_vip_wrapper.v:762]
WARNING: [VRFC 10-3091] actual bit length 2 differs from formal bit length 1 for port 'SAXIACPARLOCK' [/home/supersonic/Lab/ZCU102-Ethernet/2019.2/pl_eth_10g/Hardware/pl_eth_10g_hw/pl_eth_10g.srcs/sources_1/bd/pl_eth_10g/ip/pl_eth_10g_zynq_ultra_ps_e_0_0/sim/pl_eth_10g_zynq_ultra_ps_e_0_0_vip_wrapper.v:765]
WARNING: [VRFC 10-3091] actual bit length 2 differs from formal bit length 1 for port 'SAXIACPAWLOCK' [/home/supersonic/Lab/ZCU102-Ethernet/2019.2/pl_eth_10g/Hardware/pl_eth_10g_hw/pl_eth_10g.srcs/sources_1/bd/pl_eth_10g/ip/pl_eth_10g_zynq_ultra_ps_e_0_0/sim/pl_eth_10g_zynq_ultra_ps_e_0_0_vip_wrapper.v:768]
WARNING: [VRFC 10-3091] actual bit length 5 differs from formal bit length 2 for port 'SAXIACPARUSER' [/home/supersonic/Lab/ZCU102-Ethernet/2019.2/pl_eth_10g/Hardware/pl_eth_10g_hw/pl_eth_10g.srcs/sources_1/bd/pl_eth_10g/ip/pl_eth_10g_zynq_ultra_ps_e_0_0/sim/pl_eth_10g_zynq_ultra_ps_e_0_0_vip_wrapper.v:770]
WARNING: [VRFC 10-3091] actual bit length 5 differs from formal bit length 2 for port 'SAXIACPAWUSER' [/home/supersonic/Lab/ZCU102-Ethernet/2019.2/pl_eth_10g/Hardware/pl_eth_10g_hw/pl_eth_10g.srcs/sources_1/bd/pl_eth_10g/ip/pl_eth_10g_zynq_ultra_ps_e_0_0/sim/pl_eth_10g_zynq_ultra_ps_e_0_0_vip_wrapper.v:771]
WARNING: [VRFC 10-3091] actual bit length 64 differs from formal bit length 128 for port 'SAXIACPWDATA' [/home/supersonic/Lab/ZCU102-Ethernet/2019.2/pl_eth_10g/Hardware/pl_eth_10g_hw/pl_eth_10g.srcs/sources_1/bd/pl_eth_10g/ip/pl_eth_10g_zynq_ultra_ps_e_0_0/sim/pl_eth_10g_zynq_ultra_ps_e_0_0_vip_wrapper.v:772]
WARNING: [VRFC 10-3091] actual bit length 8 differs from formal bit length 16 for port 'SAXIACPWSTRB' [/home/supersonic/Lab/ZCU102-Ethernet/2019.2/pl_eth_10g/Hardware/pl_eth_10g_hw/pl_eth_10g.srcs/sources_1/bd/pl_eth_10g/ip/pl_eth_10g_zynq_ultra_ps_e_0_0/sim/pl_eth_10g_zynq_ultra_ps_e_0_0_vip_wrapper.v:773]
WARNING: [VRFC 10-3091] actual bit length 2 differs from formal bit length 8 for port 'PLPSIRQ0' [/home/supersonic/Lab/ZCU102-Ethernet/2019.2/pl_eth_10g/Hardware/pl_eth_10g_hw/pl_eth_10g.srcs/sources_1/bd/pl_eth_10g/ip/pl_eth_10g_zynq_ultra_ps_e_0_0/sim/pl_eth_10g_zynq_ultra_ps_e_0_0_vip_wrapper.v:839]
WARNING: [VRFC 10-3091] actual bit length 32 differs from formal bit length 1 for port 'S_AWREGION' [/proj/xbuilds/SWIP/2019.2_1106_2127/infra/XSIM/lin/.cxl.ip/incl/zynq_ultra_ps_e_vip_v1_0_6_axi_acp.sv:71]
WARNING: [VRFC 10-3091] actual bit length 32 differs from formal bit length 1 for port 'S_ARREGION' [/proj/xbuilds/SWIP/2019.2_1106_2127/infra/XSIM/lin/.cxl.ip/incl/zynq_ultra_ps_e_vip_v1_0_6_axi_acp.sv:72]
WARNING: [VRFC 10-3091] actual bit length 32 differs from formal bit length 1 for port 'S_WUSER' [/proj/xbuilds/SWIP/2019.2_1106_2127/infra/XSIM/lin/.cxl.ip/incl/zynq_ultra_ps_e_vip_v1_0_6_axi_acp.sv:74]
WARNING: [VRFC 10-3091] actual bit length 2 differs from formal bit length 1 for port 's_axi_awuser' [/wrk/2019.2/continuous/2019_11_06_2708876/packages/customer/vivado/data/ip/xilinx/zynq_ultra_ps_e_vip_v1_0/hdl/zynq_ultra_ps_e_vip_v1_0_vl_rfs.sv:6300]
WARNING: [VRFC 10-3091] actual bit length 1 differs from formal bit length 5 for port 's_axi_wid' [/wrk/2019.2/continuous/2019_11_06_2708876/packages/customer/vivado/data/ip/xilinx/zynq_ultra_ps_e_vip_v1_0/hdl/zynq_ultra_ps_e_vip_v1_0_vl_rfs.sv:6303]
WARNING: [VRFC 10-3091] actual bit length 2 differs from formal bit length 1 for port 's_axi_aruser' [/wrk/2019.2/continuous/2019_11_06_2708876/packages/customer/vivado/data/ip/xilinx/zynq_ultra_ps_e_vip_v1_0/hdl/zynq_ultra_ps_e_vip_v1_0_vl_rfs.sv:6325]
WARNING: [VRFC 10-3091] actual bit length 12 differs from formal bit length 5 for port 'm_axi_bid' [/wrk/2019.2/continuous/2019_11_06_2708876/packages/customer/vivado/data/ip/xilinx/zynq_ultra_ps_e_vip_v1_0/hdl/zynq_ultra_ps_e_vip_v1_0_vl_rfs.sv:6355]
WARNING: [VRFC 10-3091] actual bit length 12 differs from formal bit length 5 for port 'm_axi_rid' [/wrk/2019.2/continuous/2019_11_06_2708876/packages/customer/vivado/data/ip/xilinx/zynq_ultra_ps_e_vip_v1_0/hdl/zynq_ultra_ps_e_vip_v1_0_vl_rfs.sv:6373]
WARNING: [VRFC 10-3091] actual bit length 32 differs from formal bit length 128 for port 'm_axi_rdata' [/wrk/2019.2/continuous/2019_11_06_2708876/packages/customer/vivado/data/ip/xilinx/zynq_ultra_ps_e_vip_v1_0/hdl/zynq_ultra_ps_e_vip_v1_0_vl_rfs.sv:6374]
WARNING: [VRFC 10-3091] actual bit length 4 differs from formal bit length 2 for port 'S_RRESP' [/proj/xbuilds/SWIP/2019.2_1106_2127/infra/XSIM/lin/.cxl.ip/incl/zynq_ultra_ps_e_vip_v1_0_6_axi_ace.sv:64]
WARNING: [VRFC 10-3091] actual bit length 16 differs from formal bit length 15 for port 'S_AWUSER' [/proj/xbuilds/SWIP/2019.2_1106_2127/infra/XSIM/lin/.cxl.ip/incl/zynq_ultra_ps_e_vip_v1_0_6_axi_ace.sv:73]
WARNING: [VRFC 10-3091] actual bit length 16 differs from formal bit length 15 for port 'S_ARUSER' [/proj/xbuilds/SWIP/2019.2_1106_2127/infra/XSIM/lin/.cxl.ip/incl/zynq_ultra_ps_e_vip_v1_0_6_axi_ace.sv:76]
WARNING: [VRFC 10-3091] actual bit length 15 differs from formal bit length 1 for port 's_axi_awuser' [/wrk/2019.2/continuous/2019_11_06_2708876/packages/customer/vivado/data/ip/xilinx/zynq_ultra_ps_e_vip_v1_0/hdl/zynq_ultra_ps_e_vip_v1_0_vl_rfs.sv:4835]
WARNING: [VRFC 10-3091] actual bit length 1 differs from formal bit length 6 for port 's_axi_wid' [/wrk/2019.2/continuous/2019_11_06_2708876/packages/customer/vivado/data/ip/xilinx/zynq_ultra_ps_e_vip_v1_0/hdl/zynq_ultra_ps_e_vip_v1_0_vl_rfs.sv:4838]
WARNING: [VRFC 10-3091] actual bit length 15 differs from formal bit length 1 for port 's_axi_aruser' [/wrk/2019.2/continuous/2019_11_06_2708876/packages/customer/vivado/data/ip/xilinx/zynq_ultra_ps_e_vip_v1_0/hdl/zynq_ultra_ps_e_vip_v1_0_vl_rfs.sv:4860]
WARNING: [VRFC 10-3091] actual bit length 12 differs from formal bit length 6 for port 'm_axi_bid' [/wrk/2019.2/continuous/2019_11_06_2708876/packages/customer/vivado/data/ip/xilinx/zynq_ultra_ps_e_vip_v1_0/hdl/zynq_ultra_ps_e_vip_v1_0_vl_rfs.sv:4890]
WARNING: [VRFC 10-3091] actual bit length 12 differs from formal bit length 6 for port 'm_axi_rid' [/wrk/2019.2/continuous/2019_11_06_2708876/packages/customer/vivado/data/ip/xilinx/zynq_ultra_ps_e_vip_v1_0/hdl/zynq_ultra_ps_e_vip_v1_0_vl_rfs.sv:4908]
WARNING: [VRFC 10-3091] actual bit length 32 differs from formal bit length 128 for port 'm_axi_rdata' [/wrk/2019.2/continuous/2019_11_06_2708876/packages/customer/vivado/data/ip/xilinx/zynq_ultra_ps_e_vip_v1_0/hdl/zynq_ultra_ps_e_vip_v1_0_vl_rfs.sv:4909]
WARNING: [VRFC 10-3091] actual bit length 32 differs from formal bit length 1 for port 'S_AWREGION' [/proj/xbuilds/SWIP/2019.2_1106_2127/infra/XSIM/lin/.cxl.ip/incl/zynq_ultra_ps_e_vip_v1_0_6_axi_gp.sv:72]
WARNING: [VRFC 10-3091] actual bit length 32 differs from formal bit length 1 for port 'S_ARREGION' [/proj/xbuilds/SWIP/2019.2_1106_2127/infra/XSIM/lin/.cxl.ip/incl/zynq_ultra_ps_e_vip_v1_0_6_axi_gp.sv:73]
WARNING: [VRFC 10-3091] actual bit length 32 differs from formal bit length 1 for port 'S_WUSER' [/proj/xbuilds/SWIP/2019.2_1106_2127/infra/XSIM/lin/.cxl.ip/incl/zynq_ultra_ps_e_vip_v1_0_6_axi_gp.sv:75]
WARNING: [VRFC 10-3091] actual bit length 32 differs from formal bit length 1 for port 'S_AWREGION' [/proj/xbuilds/SWIP/2019.2_1106_2127/infra/XSIM/lin/.cxl.ip/incl/zynq_ultra_ps_e_vip_v1_0_6_axi_gp.sv:166]
WARNING: [VRFC 10-3091] actual bit length 32 differs from formal bit length 1 for port 'S_ARREGION' [/proj/xbuilds/SWIP/2019.2_1106_2127/infra/XSIM/lin/.cxl.ip/incl/zynq_ultra_ps_e_vip_v1_0_6_axi_gp.sv:167]
WARNING: [VRFC 10-3091] actual bit length 32 differs from formal bit length 1 for port 'S_WUSER' [/proj/xbuilds/SWIP/2019.2_1106_2127/infra/XSIM/lin/.cxl.ip/incl/zynq_ultra_ps_e_vip_v1_0_6_axi_gp.sv:169]
WARNING: [VRFC 10-3091] actual bit length 32 differs from formal bit length 1 for port 'S_AWREGION' [/proj/xbuilds/SWIP/2019.2_1106_2127/infra/XSIM/lin/.cxl.ip/incl/zynq_ultra_ps_e_vip_v1_0_6_axi_gp.sv:260]
WARNING: [VRFC 10-3091] actual bit length 32 differs from formal bit length 1 for port 'S_ARREGION' [/proj/xbuilds/SWIP/2019.2_1106_2127/infra/XSIM/lin/.cxl.ip/incl/zynq_ultra_ps_e_vip_v1_0_6_axi_gp.sv:261]
WARNING: [VRFC 10-3091] actual bit length 32 differs from formal bit length 1 for port 'S_WUSER' [/proj/xbuilds/SWIP/2019.2_1106_2127/infra/XSIM/lin/.cxl.ip/incl/zynq_ultra_ps_e_vip_v1_0_6_axi_gp.sv:263]
WARNING: [VRFC 10-3091] actual bit length 32 differs from formal bit length 1 for port 'S_AWREGION' [/proj/xbuilds/SWIP/2019.2_1106_2127/infra/XSIM/lin/.cxl.ip/incl/zynq_ultra_ps_e_vip_v1_0_6_axi_gp.sv:354]
WARNING: [VRFC 10-3091] actual bit length 32 differs from formal bit length 1 for port 'S_ARREGION' [/proj/xbuilds/SWIP/2019.2_1106_2127/infra/XSIM/lin/.cxl.ip/incl/zynq_ultra_ps_e_vip_v1_0_6_axi_gp.sv:355]
WARNING: [VRFC 10-3091] actual bit length 32 differs from formal bit length 1 for port 'S_WUSER' [/proj/xbuilds/SWIP/2019.2_1106_2127/infra/XSIM/lin/.cxl.ip/incl/zynq_ultra_ps_e_vip_v1_0_6_axi_gp.sv:357]
WARNING: [VRFC 10-3091] actual bit length 32 differs from formal bit length 1 for port 'S_AWREGION' [/proj/xbuilds/SWIP/2019.2_1106_2127/infra/XSIM/lin/.cxl.ip/incl/zynq_ultra_ps_e_vip_v1_0_6_axi_gp.sv:448]
WARNING: [VRFC 10-3091] actual bit length 32 differs from formal bit length 1 for port 'S_ARREGION' [/proj/xbuilds/SWIP/2019.2_1106_2127/infra/XSIM/lin/.cxl.ip/incl/zynq_ultra_ps_e_vip_v1_0_6_axi_gp.sv:449]
WARNING: [VRFC 10-3091] actual bit length 32 differs from formal bit length 1 for port 'S_WUSER' [/proj/xbuilds/SWIP/2019.2_1106_2127/infra/XSIM/lin/.cxl.ip/incl/zynq_ultra_ps_e_vip_v1_0_6_axi_gp.sv:451]
WARNING: [VRFC 10-3091] actual bit length 32 differs from formal bit length 1 for port 'S_AWREGION' [/proj/xbuilds/SWIP/2019.2_1106_2127/infra/XSIM/lin/.cxl.ip/incl/zynq_ultra_ps_e_vip_v1_0_6_axi_gp.sv:542]
WARNING: [VRFC 10-3091] actual bit length 32 differs from formal bit length 1 for port 'S_ARREGION' [/proj/xbuilds/SWIP/2019.2_1106_2127/infra/XSIM/lin/.cxl.ip/incl/zynq_ultra_ps_e_vip_v1_0_6_axi_gp.sv:543]
WARNING: [VRFC 10-3091] actual bit length 32 differs from formal bit length 1 for port 'S_WUSER' [/proj/xbuilds/SWIP/2019.2_1106_2127/infra/XSIM/lin/.cxl.ip/incl/zynq_ultra_ps_e_vip_v1_0_6_axi_gp.sv:545]
WARNING: [VRFC 10-3091] actual bit length 32 differs from formal bit length 1 for port 'S_AWREGION' [/proj/xbuilds/SWIP/2019.2_1106_2127/infra/XSIM/lin/.cxl.ip/incl/zynq_ultra_ps_e_vip_v1_0_6_axi_gp.sv:636]
WARNING: [VRFC 10-3091] actual bit length 32 differs from formal bit length 1 for port 'S_ARREGION' [/proj/xbuilds/SWIP/2019.2_1106_2127/infra/XSIM/lin/.cxl.ip/incl/zynq_ultra_ps_e_vip_v1_0_6_axi_gp.sv:637]
WARNING: [VRFC 10-3091] actual bit length 32 differs from formal bit length 1 for port 'S_WUSER' [/proj/xbuilds/SWIP/2019.2_1106_2127/infra/XSIM/lin/.cxl.ip/incl/zynq_ultra_ps_e_vip_v1_0_6_axi_gp.sv:639]
WARNING: [VRFC 10-3091] actual bit length 16 differs from formal bit length 1 for port 'M_AWUSER' [/proj/xbuilds/SWIP/2019.2_1106_2127/infra/XSIM/lin/.cxl.ip/incl/zynq_ultra_ps_e_vip_v1_0_6_axi_gp.sv:733]
WARNING: [VRFC 10-3091] actual bit length 32 differs from formal bit length 1 for port 'M_BUSER' [/proj/xbuilds/SWIP/2019.2_1106_2127/infra/XSIM/lin/.cxl.ip/incl/zynq_ultra_ps_e_vip_v1_0_6_axi_gp.sv:735]
WARNING: [VRFC 10-3091] actual bit length 16 differs from formal bit length 1 for port 'M_ARUSER' [/proj/xbuilds/SWIP/2019.2_1106_2127/infra/XSIM/lin/.cxl.ip/incl/zynq_ultra_ps_e_vip_v1_0_6_axi_gp.sv:736]
WARNING: [VRFC 10-3091] actual bit length 32 differs from formal bit length 1 for port 'M_RUSER' [/proj/xbuilds/SWIP/2019.2_1106_2127/infra/XSIM/lin/.cxl.ip/incl/zynq_ultra_ps_e_vip_v1_0_6_axi_gp.sv:737]
WARNING: [VRFC 10-3091] actual bit length 12 differs from formal bit length 16 for port 's_axi_awid' [/wrk/2019.2/continuous/2019_11_06_2708876/packages/customer/vivado/data/ip/xilinx/zynq_ultra_ps_e_vip_v1_0/hdl/zynq_ultra_ps_e_vip_v1_0_vl_rfs.sv:7822]
WARNING: [VRFC 10-3091] actual bit length 32 differs from formal bit length 40 for port 's_axi_awaddr' [/wrk/2019.2/continuous/2019_11_06_2708876/packages/customer/vivado/data/ip/xilinx/zynq_ultra_ps_e_vip_v1_0/hdl/zynq_ultra_ps_e_vip_v1_0_vl_rfs.sv:7823]
WARNING: [VRFC 10-3091] actual bit length 4 differs from formal bit length 8 for port 's_axi_awlen' [/wrk/2019.2/continuous/2019_11_06_2708876/packages/customer/vivado/data/ip/xilinx/zynq_ultra_ps_e_vip_v1_0/hdl/zynq_ultra_ps_e_vip_v1_0_vl_rfs.sv:7824]
WARNING: [VRFC 10-3091] actual bit length 2 differs from formal bit length 1 for port 's_axi_awlock' [/wrk/2019.2/continuous/2019_11_06_2708876/packages/customer/vivado/data/ip/xilinx/zynq_ultra_ps_e_vip_v1_0/hdl/zynq_ultra_ps_e_vip_v1_0_vl_rfs.sv:7827]
WARNING: [VRFC 10-3091] actual bit length 12 differs from formal bit length 16 for port 's_axi_wid' [/wrk/2019.2/continuous/2019_11_06_2708876/packages/customer/vivado/data/ip/xilinx/zynq_ultra_ps_e_vip_v1_0/hdl/zynq_ultra_ps_e_vip_v1_0_vl_rfs.sv:7835]
WARNING: [VRFC 10-3091] actual bit length 32 differs from formal bit length 128 for port 's_axi_wdata' [/wrk/2019.2/continuous/2019_11_06_2708876/packages/customer/vivado/data/ip/xilinx/zynq_ultra_ps_e_vip_v1_0/hdl/zynq_ultra_ps_e_vip_v1_0_vl_rfs.sv:7836]
WARNING: [VRFC 10-3091] actual bit length 4 differs from formal bit length 16 for port 's_axi_wstrb' [/wrk/2019.2/continuous/2019_11_06_2708876/packages/customer/vivado/data/ip/xilinx/zynq_ultra_ps_e_vip_v1_0/hdl/zynq_ultra_ps_e_vip_v1_0_vl_rfs.sv:7837]
WARNING: [VRFC 10-3091] actual bit length 12 differs from formal bit length 16 for port 's_axi_arid' [/wrk/2019.2/continuous/2019_11_06_2708876/packages/customer/vivado/data/ip/xilinx/zynq_ultra_ps_e_vip_v1_0/hdl/zynq_ultra_ps_e_vip_v1_0_vl_rfs.sv:7847]
WARNING: [VRFC 10-3091] actual bit length 32 differs from formal bit length 40 for port 's_axi_araddr' [/wrk/2019.2/continuous/2019_11_06_2708876/packages/customer/vivado/data/ip/xilinx/zynq_ultra_ps_e_vip_v1_0/hdl/zynq_ultra_ps_e_vip_v1_0_vl_rfs.sv:7848]
WARNING: [VRFC 10-3091] actual bit length 4 differs from formal bit length 8 for port 's_axi_arlen' [/wrk/2019.2/continuous/2019_11_06_2708876/packages/customer/vivado/data/ip/xilinx/zynq_ultra_ps_e_vip_v1_0/hdl/zynq_ultra_ps_e_vip_v1_0_vl_rfs.sv:7849]
WARNING: [VRFC 10-3091] actual bit length 2 differs from formal bit length 1 for port 's_axi_arlock' [/wrk/2019.2/continuous/2019_11_06_2708876/packages/customer/vivado/data/ip/xilinx/zynq_ultra_ps_e_vip_v1_0/hdl/zynq_ultra_ps_e_vip_v1_0_vl_rfs.sv:7852]
WARNING: [VRFC 10-3091] actual bit length 16 differs from formal bit length 1 for port 'M_AWUSER' [/proj/xbuilds/SWIP/2019.2_1106_2127/infra/XSIM/lin/.cxl.ip/incl/zynq_ultra_ps_e_vip_v1_0_6_axi_gp.sv:804]
WARNING: [VRFC 10-3091] actual bit length 32 differs from formal bit length 1 for port 'M_BUSER' [/proj/xbuilds/SWIP/2019.2_1106_2127/infra/XSIM/lin/.cxl.ip/incl/zynq_ultra_ps_e_vip_v1_0_6_axi_gp.sv:806]
WARNING: [VRFC 10-3091] actual bit length 16 differs from formal bit length 1 for port 'M_ARUSER' [/proj/xbuilds/SWIP/2019.2_1106_2127/infra/XSIM/lin/.cxl.ip/incl/zynq_ultra_ps_e_vip_v1_0_6_axi_gp.sv:807]
WARNING: [VRFC 10-3091] actual bit length 32 differs from formal bit length 1 for port 'M_RUSER' [/proj/xbuilds/SWIP/2019.2_1106_2127/infra/XSIM/lin/.cxl.ip/incl/zynq_ultra_ps_e_vip_v1_0_6_axi_gp.sv:808]
WARNING: [VRFC 10-3091] actual bit length 16 differs from formal bit length 1 for port 'M_AWUSER' [/proj/xbuilds/SWIP/2019.2_1106_2127/infra/XSIM/lin/.cxl.ip/incl/zynq_ultra_ps_e_vip_v1_0_6_axi_gp.sv:875]
WARNING: [VRFC 10-3091] actual bit length 32 differs from formal bit length 1 for port 'M_BUSER' [/proj/xbuilds/SWIP/2019.2_1106_2127/infra/XSIM/lin/.cxl.ip/incl/zynq_ultra_ps_e_vip_v1_0_6_axi_gp.sv:877]
WARNING: [VRFC 10-3091] actual bit length 16 differs from formal bit length 1 for port 'M_ARUSER' [/proj/xbuilds/SWIP/2019.2_1106_2127/infra/XSIM/lin/.cxl.ip/incl/zynq_ultra_ps_e_vip_v1_0_6_axi_gp.sv:878]
WARNING: [VRFC 10-3091] actual bit length 32 differs from formal bit length 1 for port 'M_RUSER' [/proj/xbuilds/SWIP/2019.2_1106_2127/infra/XSIM/lin/.cxl.ip/incl/zynq_ultra_ps_e_vip_v1_0_6_axi_gp.sv:879]
WARNING: [VRFC 10-3091] actual bit length 1 differs from formal bit length 4 for port 'wr_qos' [/wrk/2019.2/continuous/2019_11_06_2708876/packages/customer/vivado/data/ip/xilinx/zynq_ultra_ps_e_vip_v1_0/hdl/zynq_ultra_ps_e_vip_v1_0_vl_rfs.sv:3798]
WARNING: [VRFC 10-3091] actual bit length 1 differs from formal bit length 4 for port 'rd_qos' [/wrk/2019.2/continuous/2019_11_06_2708876/packages/customer/vivado/data/ip/xilinx/zynq_ultra_ps_e_vip_v1_0/hdl/zynq_ultra_ps_e_vip_v1_0_vl_rfs.sv:3805]
WARNING: [VRFC 10-3091] actual bit length 1 differs from formal bit length 4 for port 'wr_qos_1' [/wrk/2019.2/continuous/2019_11_06_2708876/packages/customer/vivado/data/ip/xilinx/zynq_ultra_ps_e_vip_v1_0/hdl/zynq_ultra_ps_e_vip_v1_0_vl_rfs.sv:3818]
WARNING: [VRFC 10-3091] actual bit length 1 differs from formal bit length 4 for port 'rd_qos_1' [/wrk/2019.2/continuous/2019_11_06_2708876/packages/customer/vivado/data/ip/xilinx/zynq_ultra_ps_e_vip_v1_0/hdl/zynq_ultra_ps_e_vip_v1_0_vl_rfs.sv:3825]
WARNING: [VRFC 10-5021] port 'axi_dma_tstvec' is not connected on this instance [/home/supersonic/Lab/ZCU102-Ethernet/2019.2/pl_eth_10g/Hardware/pl_eth_10g_hw/pl_eth_10g.srcs/sources_1/bd/pl_eth_10g/sim/pl_eth_10g.v:1564]
WARNING: [VRFC 10-5021] port 'mb_reset' is not connected on this instance [/home/supersonic/Lab/ZCU102-Ethernet/2019.2/pl_eth_10g/Hardware/pl_eth_10g_hw/pl_eth_10g.srcs/sources_1/bd/pl_eth_10g/sim/pl_eth_10g.v:5754]
WARNING: [VRFC 10-5021] port 'aclk2x' is not connected on this instance [/wrk/2019.2/continuous/2019_11_06_2708876/packages/customer/vivado/data/ip/xilinx/axi_dwidth_converter_v2_1/hdl/axi_dwidth_converter_v2_1_vl_rfs.v:13138]
WARNING: [VRFC 10-5021] port 'aclk2x' is not connected on this instance [/wrk/2019.2/continuous/2019_11_06_2708876/packages/customer/vivado/data/ip/xilinx/axi_dwidth_converter_v2_1/hdl/axi_dwidth_converter_v2_1_vl_rfs.v:14235]
WARNING: [VRFC 10-5021] port 'aclk2x' is not connected on this instance [/wrk/2019.2/continuous/2019_11_06_2708876/packages/customer/vivado/data/ip/xilinx/axi_mmu_v2_1/hdl/axi_mmu_v2_1_vl_rfs.v:1155]
WARNING: [VRFC 10-5021] port 'aclk2x' is not connected on this instance [/wrk/2019.2/continuous/2019_11_06_2708876/packages/customer/vivado/data/ip/xilinx/axi_crossbar_v2_1/hdl/axi_crossbar_v2_1_vl_rfs.v:3103]
WARNING: [VRFC 10-5021] port 'aclk2x' is not connected on this instance [/wrk/2019.2/continuous/2019_11_06_2708876/packages/customer/vivado/data/ip/xilinx/axi_protocol_converter_v2_1/hdl/axi_protocol_converter_v2_1_vl_rfs.v:4376]
WARNING: [VRFC 10-5021] port 'aclk2x' is not connected on this instance [/wrk/2019.2/continuous/2019_11_06_2708876/packages/customer/vivado/data/ip/xilinx/axi_protocol_converter_v2_1/hdl/axi_protocol_converter_v2_1_vl_rfs.v:4631]
WARNING: [VRFC 10-5021] port 'PSS_ALTO_CORE_PAD_CLK' is not connected on this instance [/home/supersonic/Lab/ZCU102-Ethernet/2019.2/pl_eth_10g/Hardware/pl_eth_10g_hw/pl_eth_10g.srcs/sources_1/bd/pl_eth_10g/ip/pl_eth_10g_zynq_ultra_ps_e_0_0/sim/pl_eth_10g_zynq_ultra_ps_e_0_0_vip_wrapper.v:269]
WARNING: [VRFC 10-3705] select index 2 into 'g7s_cc_rst_nsckt.arst_sync_wr' is out of bounds [/wrk/2019.2/continuous/2019_11_06_2708876/packages/customer/vivado/data/ip/xilinx/fifo_generator_v13_2/simulation/fifo_generator_vlog_beh.v:4830]
WARNING: [VRFC 10-3283] element index 4096 into 'wrp_strb' is out of bounds [/wrk/2019.2/continuous/2019_11_06_2708876/packages/customer/vivado/data/ip/xilinx/zynq_ultra_ps_e_vip_v1_0/hdl/zynq_ultra_ps_e_vip_v1_0_vl_rfs.sv:6968]
WARNING: [VRFC 10-3705] select index 2 into 'wr_fifo_rd_ptr' is out of bounds [/wrk/2019.2/continuous/2019_11_06_2708876/packages/customer/vivado/data/ip/xilinx/zynq_ultra_ps_e_vip_v1_0/hdl/zynq_ultra_ps_e_vip_v1_0_vl_rfs.sv:7181]
WARNING: [VRFC 10-3705] select index 3 into 'ar_cnt' is out of bounds [/wrk/2019.2/continuous/2019_11_06_2708876/packages/customer/vivado/data/ip/xilinx/zynq_ultra_ps_e_vip_v1_0/hdl/zynq_ultra_ps_e_vip_v1_0_vl_rfs.sv:7320]
WARNING: [VRFC 10-3705] select index 3 into 'wr_rresp_cnt' is out of bounds [/wrk/2019.2/continuous/2019_11_06_2708876/packages/customer/vivado/data/ip/xilinx/zynq_ultra_ps_e_vip_v1_0/hdl/zynq_ultra_ps_e_vip_v1_0_vl_rfs.sv:7417]
WARNING: [VRFC 10-3705] select index 3 into 'rd_fifo_wr_ptr' is out of bounds [/wrk/2019.2/continuous/2019_11_06_2708876/packages/customer/vivado/data/ip/xilinx/zynq_ultra_ps_e_vip_v1_0/hdl/zynq_ultra_ps_e_vip_v1_0_vl_rfs.sv:7436]
WARNING: [VRFC 10-3705] select index 3 into 'rd_cnt' is out of bounds [/wrk/2019.2/continuous/2019_11_06_2708876/packages/customer/vivado/data/ip/xilinx/zynq_ultra_ps_e_vip_v1_0/hdl/zynq_ultra_ps_e_vip_v1_0_vl_rfs.sv:7577]
WARNING: [VRFC 10-3705] select index 3 into 'rresp_time_cnt' is out of bounds [/wrk/2019.2/continuous/2019_11_06_2708876/packages/customer/vivado/data/ip/xilinx/zynq_ultra_ps_e_vip_v1_0/hdl/zynq_ultra_ps_e_vip_v1_0_vl_rfs.sv:7582]
WARNING: [VRFC 10-3705] select index 3 into 'rd_fifo_rd_ptr' is out of bounds [/wrk/2019.2/continuous/2019_11_06_2708876/packages/customer/vivado/data/ip/xilinx/zynq_ultra_ps_e_vip_v1_0/hdl/zynq_ultra_ps_e_vip_v1_0_vl_rfs.sv:7587]
WARNING: [VRFC 10-3283] element index 4096 into 'wrp_strb' is out of bounds [/wrk/2019.2/continuous/2019_11_06_2708876/packages/customer/vivado/data/ip/xilinx/zynq_ultra_ps_e_vip_v1_0/hdl/zynq_ultra_ps_e_vip_v1_0_vl_rfs.sv:5492]
Completed static elaboration
Starting simulation data flow analysis
Completed simulation data flow analysis
Time Resolution for simulation is 1fs
Compiling package std.standard
Compiling package std.textio
Compiling package ieee.std_logic_1164
Compiling package ieee.numeric_std
Compiling package synopsys.attributes
Compiling package ieee.std_logic_misc
Compiling package unisim.vcomponents
Compiling package ieee.std_logic_arith
Compiling package ieee.std_logic_unsigned
Compiling package lib_pkg_v1_0_2.lib_pkg
Compiling package axi_dma_v7_1_21.axi_dma_pkg
Compiling package ieee.vital_timing
Compiling package ieee.vital_primitives
Compiling package unisim.vpkg
Compiling package axi_sg_v4_1_13.axi_sg_pkg
Compiling package xpm.vcomponents
Compiling package xilinx_vip.axi_vip_pkg
Compiling package xilinx_vip.xil_common_vip_pkg
Compiling package std.std
Compiling architecture implementation of entity axi_sg_v4_1_13.axi_sg_updt_sm [\axi_sg_updt_sm(c_sg_ch1_words_t...]
Compiling architecture implementation of entity axi_sg_v4_1_13.axi_sg_updt_cmdsts_if [axi_sg_updt_cmdsts_if_default]
Compiling architecture implementation of entity axi_sg_v4_1_13.axi_sg_updt_mngr [\axi_sg_updt_mngr(c_sg_ch1_words...]
Compiling architecture implementation of entity axi_sg_v4_1_13.axi_sg_updt_queue [\axi_sg_updt_queue(c_sg_updt_des...]
Compiling architecture implementation of entity axi_sg_v4_1_13.axi_sg_updt_q_mngr [\axi_sg_updt_q_mngr(c_sg_updt_de...]
Compiling architecture implementation of entity axi_sg_v4_1_13.axi_sg_intrpt [axi_sg_intrpt_default]
Compiling architecture implementation of entity axi_sg_v4_1_13.axi_sg_ftch_sm [\axi_sg_ftch_sm(c_sg_ftch_desc2q...]
Compiling architecture implementation of entity axi_sg_v4_1_13.axi_sg_ftch_pntr [axi_sg_ftch_pntr_default]
Compiling architecture implementation of entity axi_sg_v4_1_13.axi_sg_ftch_cmdsts_if [axi_sg_ftch_cmdsts_if_default]
Compiling architecture implementation of entity axi_sg_v4_1_13.axi_sg_ftch_mngr [\axi_sg_ftch_mngr(c_sg_ftch_desc...]
Compiling architecture implementation of entity axi_sg_v4_1_13.axi_sg_ftch_queue [\axi_sg_ftch_queue(c_sg_ftch_des...]
Compiling architecture implementation of entity axi_sg_v4_1_13.axi_sg_ftch_q_mngr [\axi_sg_ftch_q_mngr(c_async=1,c_...]
Compiling architecture implementation of entity axi_sg_v4_1_13.axi_sg_reset [axi_sg_reset_default]
Compiling architecture imp of entity axi_sg_v4_1_13.axi_sg_fifo [\axi_sg_fifo(c_dwidth=68,c_depth...]
Compiling architecture imp of entity axi_sg_v4_1_13.axi_sg_fifo [\axi_sg_fifo(c_dwidth=8,c_depth=...]
Compiling architecture implementation of entity axi_sg_v4_1_13.axi_sg_cmd_status [\axi_sg_cmd_status(c_stscmd_fifo...]
Compiling architecture implementation of entity axi_sg_v4_1_13.axi_sg_rd_status_cntl [axi_sg_rd_status_cntl_default]
Compiling architecture implementation of entity axi_sg_v4_1_13.axi_sg_scc [\axi_sg_scc(c_sel_addr_width=2,c...]
Compiling architecture implementation of entity axi_sg_v4_1_13.axi_sg_addr_cntl [\axi_sg_addr_cntl(c_addr_fifo_de...]
Compiling architecture implementation of entity axi_sg_v4_1_13.axi_sg_rddata_cntl [\axi_sg_rddata_cntl(c_align_widt...]
Compiling architecture implementation of entity axi_sg_v4_1_13.axi_sg_mm2s_basic_wrap [\axi_sg_mm2s_basic_wrap(c_mm2s_a...]
Compiling architecture behavioral of entity lib_srl_fifo_v1_0_2.dynshreg_f [\dynshreg_f(c_depth=3,c_dwidth=7...]
Compiling architecture imp of entity lib_srl_fifo_v1_0_2.srl_fifo_rbu_f [\srl_fifo_rbu_f(c_dwidth=7,c_dep...]
Compiling architecture imp of entity lib_srl_fifo_v1_0_2.srl_fifo_f [\srl_fifo_f(c_dwidth=7,c_depth=3...]
Compiling architecture imp of entity axi_sg_v4_1_13.axi_sg_fifo [\axi_sg_fifo(c_dwidth=7,c_depth=...]
Compiling architecture imp of entity lib_srl_fifo_v1_0_2.cntr_incr_decr_addn_f [\cntr_incr_decr_addn_f(c_size=3,...]
Compiling architecture behavioral of entity lib_srl_fifo_v1_0_2.dynshreg_f [\dynshreg_f(c_depth=3,c_dwidth=2...]
Compiling architecture imp of entity lib_srl_fifo_v1_0_2.srl_fifo_rbu_f [\srl_fifo_rbu_f(c_dwidth=2,c_dep...]
Compiling architecture imp of entity lib_srl_fifo_v1_0_2.srl_fifo_f [\srl_fifo_f(c_dwidth=2,c_depth=3...]
Compiling architecture imp of entity axi_sg_v4_1_13.axi_sg_fifo [\axi_sg_fifo(c_dwidth=2,c_depth=...]
Compiling architecture implementation of entity axi_sg_v4_1_13.axi_sg_wr_status_cntl [\axi_sg_wr_status_cntl(c_sts_fif...]
Compiling architecture implementation of entity axi_sg_v4_1_13.axi_sg_scc_wr [\axi_sg_scc_wr(c_sel_addr_width=...]
Compiling architecture implementation of entity axi_sg_v4_1_13.axi_sg_addr_cntl [\axi_sg_addr_cntl(c_addr_fifo_de...]
Compiling architecture implementation of entity axi_sg_v4_1_13.axi_sg_wrdata_cntl [\axi_sg_wrdata_cntl(c_sel_addr_w...]
Compiling architecture implementation of entity axi_sg_v4_1_13.axi_sg_s2mm_basic_wrap [\axi_sg_s2mm_basic_wrap(c_s2mm_a...]
Compiling architecture implementation of entity axi_sg_v4_1_13.axi_sg_datamover [\axi_sg_datamover(c_include_mm2s...]
Compiling architecture implementation of entity axi_sg_v4_1_13.axi_sg [\axi_sg(c_sg_ftch_desc2queue=4,c...]
Compiling architecture implementation of entity axi_dma_v7_1_21.axi_dma_mm2s_sm [\axi_dma_mm2s_sm(c_sg_length_wid...]
Compiling architecture imp of entity lib_srl_fifo_v1_0_2.cntr_incr_decr_addn_f [\cntr_incr_decr_addn_f(c_size=5,...]
Compiling architecture behavioral of entity lib_srl_fifo_v1_0_2.dynshreg_f [\dynshreg_f(c_depth=16,c_dwidth=...]
Compiling architecture imp of entity lib_srl_fifo_v1_0_2.srl_fifo_rbu_f [\srl_fifo_rbu_f(c_dwidth=26,c_fa...]
Compiling architecture imp of entity lib_srl_fifo_v1_0_2.srl_fifo_f [\srl_fifo_f(c_dwidth=26,c_family...]
Compiling architecture implementation of entity axi_dma_v7_1_21.axi_dma_mm2s_sg_if [\axi_dma_mm2s_sg_if(c_prmry_is_a...]
Compiling architecture implementation of entity axi_dma_v7_1_21.axi_dma_mm2s_cmdsts_if [\axi_dma_mm2s_cmdsts_if(c_extra=...]
Compiling architecture implementation of entity axi_dma_v7_1_21.axi_dma_mm2s_sts_mngr [\axi_dma_mm2s_sts_mngr(c_prmry_i...]
Compiling architecture implementation of entity axi_dma_v7_1_21.axi_dma_mm2s_mngr [\axi_dma_mm2s_mngr(c_prmry_is_ac...]
Compiling architecture implementation of entity axi_dma_v7_1_21.axi_dma_sofeof_gen [\axi_dma_sofeof_gen(c_prmry_is_a...]
Compiling architecture implementation of entity axi_dma_v7_1_21.axi_dma_s2mm_sm [\axi_dma_s2mm_sm(c_sg_include_st...]
Compiling architecture implementation of entity axi_dma_v7_1_21.axi_dma_s2mm_sg_if [\axi_dma_s2mm_sg_if(c_prmry_is_a...]
Compiling architecture implementation of entity axi_dma_v7_1_21.axi_dma_s2mm_cmdsts_if [\axi_dma_s2mm_cmdsts_if(c_dm_sta...]
Compiling architecture implementation of entity axi_dma_v7_1_21.axi_dma_s2mm_sts_mngr [\axi_dma_s2mm_sts_mngr(c_prmry_i...]
Compiling architecture implementation of entity axi_dma_v7_1_21.axi_dma_s2mm_mngr [\axi_dma_s2mm_mngr(c_prmry_is_ac...]
Compiling architecture implementation of entity axi_dma_v7_1_21.axi_dma_reset [\axi_dma_reset(c_sg_include_stsc...]
Compiling architecture fdre_v of entity unisim.FDRE [fdre_default]
Compiling architecture fdr_v of entity unisim.FDR [fdr_default]
Compiling architecture implementation of entity lib_cdc_v1_0_2.cdc_sync [\cdc_sync(c_mtbf_stages=4)\]
Compiling architecture implementation of entity axi_dma_v7_1_21.axi_dma_rst_module [\axi_dma_rst_module(c_sg_include...]
Compiling architecture implementation of entity lib_cdc_v1_0_2.cdc_sync [\cdc_sync(c_single_bit=0,c_vecto...]
Compiling architecture implementation of entity lib_cdc_v1_0_2.cdc_sync [\cdc_sync(c_single_bit=0,c_mtbf_...]
Compiling architecture implementation of entity lib_cdc_v1_0_2.cdc_sync [\cdc_sync(c_single_bit=0,c_vecto...]
Compiling architecture implementation of entity lib_cdc_v1_0_2.cdc_sync [\cdc_sync(c_vector_width=10,c_mt...]
Compiling architecture implementation of entity lib_cdc_v1_0_2.cdc_sync [\cdc_sync(c_single_bit=0,c_mtbf_...]
Compiling architecture implementation of entity axi_dma_v7_1_21.axi_dma_lite_if [\axi_dma_lite_if(c_num_ce=23,c_a...]
Compiling architecture implementation of entity axi_dma_v7_1_21.axi_dma_register [\axi_dma_register(c_num_register...]
Compiling architecture implementation of entity axi_dma_v7_1_21.axi_dma_register_s2mm [\axi_dma_register_s2mm(c_num_reg...]
Compiling architecture implementation of entity axi_dma_v7_1_21.axi_dma_reg_module [\axi_dma_reg_module(c_sg_length_...]
Compiling architecture behavioral of entity lib_srl_fifo_v1_0_2.dynshreg_f [\dynshreg_f(c_depth=4,c_dwidth=1...]
Compiling architecture imp of entity lib_srl_fifo_v1_0_2.srl_fifo_rbu_f [\srl_fifo_rbu_f(c_dwidth=14,c_de...]
Compiling architecture imp of entity lib_srl_fifo_v1_0_2.srl_fifo_f [\srl_fifo_f(c_dwidth=14,c_depth=...]
Compiling architecture imp of entity axi_datamover_v5_1_22.axi_datamover_fifo [\axi_datamover_fifo(c_dwidth=14,...]
Compiling module xpm.xpm_fifo_rst_default
Compiling module xpm.xpm_counter_updn(COUNTER_WIDTH=1...
Compiling module xpm.xpm_counter_updn(COUNTER_WIDTH=9...
Compiling module xpm.xpm_memory_base(MEMORY_TYPE=1,ME...
Compiling module xpm.xpm_fifo_base(FIFO_MEMORY_TYPE=2...
Compiling module xpm.xpm_fifo_sync(FIFO_MEMORY_TYPE="...
Compiling architecture implementation of entity lib_fifo_v1_0_14.sync_fifo_fg [\sync_fifo_fg(c_family="zynquplu...]
Compiling architecture imp of entity axi_datamover_v5_1_22.axi_datamover_sfifo_autord [\axi_datamover_sfifo_autord(c_dw...]
Compiling architecture implementation of entity axi_datamover_v5_1_22.axi_datamover_rd_sf [\axi_datamover_rd_sf(c_max_burst...]
Compiling architecture implementation of entity axi_datamover_v5_1_22.axi_datamover_dre_mux2_1_x_n [\axi_datamover_dre_mux2_1_x_n(c_...]
Compiling architecture implementation of entity axi_datamover_v5_1_22.axi_datamover_dre_mux4_1_x_n [\axi_datamover_dre_mux4_1_x_n(c_...]
Compiling architecture implementation of entity axi_datamover_v5_1_22.axi_datamover_dre_mux8_1_x_n [\axi_datamover_dre_mux8_1_x_n(c_...]
Compiling architecture implementation of entity axi_datamover_v5_1_22.axi_datamover_mm2s_dre [axi_datamover_mm2s_dre_default]
Compiling architecture implementation of entity axi_datamover_v5_1_22.axi_datamover_skid_buf [\axi_datamover_skid_buf(c_wdata_...]
Compiling architecture implementation of entity axi_datamover_v5_1_22.axi_datamover_reset [\axi_datamover_reset(c_stscmd_is...]
Compiling module xpm.xpm_memory_base(MEMORY_TYPE=1,ME...
Compiling module xpm.xpm_fifo_base(COMMON_CLOCK=0,FIF...
Compiling module xpm.xpm_fifo_async(FIFO_MEMORY_TYPE=...
Compiling architecture implementation of entity lib_fifo_v1_0_14.async_fifo_fg [\async_fifo_fg(c_allow_2n_depth=...]
Compiling architecture imp of entity axi_datamover_v5_1_22.axi_datamover_afifo_autord [\axi_datamover_afifo_autord(c_dw...]
Compiling architecture imp of entity axi_datamover_v5_1_22.axi_datamover_fifo [\axi_datamover_fifo(c_dwidth=8,c...]
Compiling module xpm.xpm_cdc_sync_rst(INIT=0,INIT_SYN...
Compiling module xpm.xpm_fifo_rst(COMMON_CLOCK=0,CDC_...
Compiling module xpm.xpm_fifo_reg_bit
Compiling module xpm.xpm_counter_updn(COUNTER_WIDTH=5...
Compiling module xpm.xpm_counter_updn
Compiling module xpm.xpm_memory_base(MEMORY_TYPE=1,ME...
Compiling module xpm.xpm_cdc_gray(INIT_SYNC_FF=1,WIDT...
Compiling module xpm.xpm_fifo_reg_vec
Compiling module xpm.xpm_cdc_gray(DEST_SYNC_FF=6,INIT...
Compiling module xpm.xpm_fifo_reg_vec(REG_WIDTH=5)
Compiling module xpm.xpm_cdc_gray(INIT_SYNC_FF=1,WIDT...
Compiling module xpm.xpm_counter_updn(COUNTER_WIDTH=2...
Compiling module xpm.xpm_fifo_base(COMMON_CLOCK=0,FIF...
Compiling module xpm.xpm_fifo_async(FIFO_MEMORY_TYPE=...
Compiling architecture implementation of entity lib_fifo_v1_0_14.async_fifo_fg [\async_fifo_fg(c_allow_2n_depth=...]
Compiling architecture imp of entity axi_datamover_v5_1_22.axi_datamover_afifo_autord [\axi_datamover_afifo_autord(c_dw...]
Compiling architecture imp of entity axi_datamover_v5_1_22.axi_datamover_fifo [\axi_datamover_fifo(c_dwidth=71,...]
Compiling architecture implementation of entity axi_datamover_v5_1_22.axi_datamover_cmd_status [\axi_datamover_cmd_status(c_stsc...]
Compiling architecture implementation of entity axi_datamover_v5_1_22.axi_datamover_rd_status_cntl [axi_datamover_rd_status_cntl_def...]
Compiling architecture implementation of entity axi_datamover_v5_1_22.axi_datamover_strb_gen2 [axi_datamover_strb_gen2_default]
Compiling architecture implementation of entity axi_datamover_v5_1_22.axi_datamover_strb_gen2 [\axi_datamover_strb_gen2(c_op_mo...]
Compiling architecture implementation of entity axi_datamover_v5_1_22.axi_datamover_pcc [\axi_datamover_pcc(c_is_mm2s=1,c...]
Compiling architecture behavioral of entity lib_srl_fifo_v1_0_2.dynshreg_f [\dynshreg_f(c_depth=4,c_dwidth=5...]
Compiling architecture imp of entity lib_srl_fifo_v1_0_2.srl_fifo_rbu_f [\srl_fifo_rbu_f(c_dwidth=59,c_de...]
Compiling architecture imp of entity lib_srl_fifo_v1_0_2.srl_fifo_f [\srl_fifo_f(c_dwidth=59,c_depth=...]
Compiling architecture imp of entity axi_datamover_v5_1_22.axi_datamover_fifo [\axi_datamover_fifo(c_dwidth=59,...]
Compiling architecture implementation of entity axi_datamover_v5_1_22.axi_datamover_addr_cntl [\axi_datamover_addr_cntl(c_famil...]
Compiling architecture behavioral of entity lib_srl_fifo_v1_0_2.dynshreg_f [\dynshreg_f(c_depth=4,c_dwidth=4...]
Compiling architecture imp of entity lib_srl_fifo_v1_0_2.srl_fifo_rbu_f [\srl_fifo_rbu_f(c_dwidth=42,c_de...]
Compiling architecture imp of entity lib_srl_fifo_v1_0_2.srl_fifo_f [\srl_fifo_f(c_dwidth=42,c_depth=...]
Compiling architecture imp of entity axi_datamover_v5_1_22.axi_datamover_fifo [\axi_datamover_fifo(c_dwidth=42,...]
Compiling architecture implementation of entity axi_datamover_v5_1_22.axi_datamover_rdmux [\axi_datamover_rdmux(c_sel_addr_...]
Compiling architecture implementation of entity axi_datamover_v5_1_22.axi_datamover_rddata_cntl [\axi_datamover_rddata_cntl(c_inc...]
Compiling architecture implementation of entity axi_datamover_v5_1_22.axi_datamover_mm2s_full_wrap [\axi_datamover_mm2s_full_wrap(c_...]
Compiling architecture implementation of entity axi_datamover_v5_1_22.axi_datamover_ibttcc [\axi_datamover_ibttcc(c_sf_xfer_...]
Compiling architecture implementation of entity axi_datamover_v5_1_22.axi_datamover_s2mm_dre [axi_datamover_s2mm_dre_default]
Compiling architecture implementation of entity axi_datamover_v5_1_22.axi_datamover_ms_strb_set [axi_datamover_ms_strb_set_defaul...]
Compiling architecture implementation of entity axi_datamover_v5_1_22.axi_datamover_mssai_skid_buf [\axi_datamover_mssai_skid_buf(c_...]
Compiling architecture working of entity axi_datamover_v5_1_22.axi_datamover_slice [\axi_datamover_slice(c_data_widt...]
Compiling architecture behavioral of entity lib_srl_fifo_v1_0_2.dynshreg_f [\dynshreg_f(c_depth=16,c_dwidth=...]
Compiling architecture imp of entity lib_srl_fifo_v1_0_2.srl_fifo_rbu_f [\srl_fifo_rbu_f(c_dwidth=14,c_fa...]
Compiling architecture imp of entity lib_srl_fifo_v1_0_2.srl_fifo_f [\srl_fifo_f(c_dwidth=14,c_family...]
Compiling architecture imp of entity axi_datamover_v5_1_22.axi_datamover_fifo [\axi_datamover_fifo(c_dwidth=14,...]
Compiling architecture implementation of entity axi_datamover_v5_1_22.axi_datamover_s2mm_scatter [\axi_datamover_s2mm_scatter(c_en...]
Compiling architecture behavioral of entity lib_srl_fifo_v1_0_2.dynshreg_f [\dynshreg_f(c_depth=4,c_dwidth=3...]
Compiling architecture imp of entity lib_srl_fifo_v1_0_2.srl_fifo_rbu_f [\srl_fifo_rbu_f(c_dwidth=31,c_de...]
Compiling architecture imp of entity lib_srl_fifo_v1_0_2.srl_fifo_f [\srl_fifo_f(c_dwidth=31,c_depth=...]
Compiling architecture imp of entity axi_datamover_v5_1_22.axi_datamover_fifo [\axi_datamover_fifo(c_dwidth=31,...]
Compiling architecture implementation of entity axi_datamover_v5_1_22.axi_datamover_s2mm_realign [\axi_datamover_s2mm_realign(c_en...]
Compiling architecture implementation of entity axi_datamover_v5_1_22.axi_datamover_stbs_set [axi_datamover_stbs_set_default]
Compiling architecture implementation of entity axi_datamover_v5_1_22.axi_datamover_skid_buf [\axi_datamover_skid_buf(c_wdata_...]
Compiling module xpm.xpm_fifo_rst_default_1
Compiling module xpm.xpm_memory_base(MEMORY_TYPE=1,ME...
Compiling module xpm.xpm_fifo_base(FIFO_WRITE_DEPTH=1...
Compiling module xpm.xpm_fifo_sync(FIFO_MEMORY_TYPE="...
Compiling architecture implementation of entity lib_fifo_v1_0_14.sync_fifo_fg [\sync_fifo_fg(c_family="zynquplu...]
Compiling architecture imp of entity axi_datamover_v5_1_22.axi_datamover_sfifo_autord [\axi_datamover_sfifo_autord(c_dw...]
Compiling module xpm.xpm_fifo_rst_default_2
Compiling module xpm.xpm_counter_updn(COUNTER_WIDTH=8...
Compiling module xpm.xpm_counter_updn(COUNTER_WIDTH=7...
Compiling module xpm.xpm_memory_base(MEMORY_TYPE=1,ME...
Compiling module xpm.xpm_fifo_base(FIFO_MEMORY_TYPE=2...
Compiling module xpm.xpm_fifo_sync(FIFO_MEMORY_TYPE="...
Compiling architecture implementation of entity lib_fifo_v1_0_14.sync_fifo_fg [\sync_fifo_fg(c_family="zynquplu...]
Compiling architecture imp of entity axi_datamover_v5_1_22.axi_datamover_sfifo_autord [\axi_datamover_sfifo_autord(c_dw...]
Compiling architecture implementation of entity axi_datamover_v5_1_22.axi_datamover_indet_btt [\axi_datamover_indet_btt(c_ibtt_...]
Compiling module xpm.xpm_memory_base(MEMORY_TYPE=1,ME...
Compiling module xpm.xpm_fifo_base(COMMON_CLOCK=0,FIF...
Compiling module xpm.xpm_fifo_async(FIFO_MEMORY_TYPE=...
Compiling architecture implementation of entity lib_fifo_v1_0_14.async_fifo_fg [\async_fifo_fg(c_allow_2n_depth=...]
Compiling architecture imp of entity axi_datamover_v5_1_22.axi_datamover_afifo_autord [\axi_datamover_afifo_autord(c_dw...]
Compiling architecture imp of entity axi_datamover_v5_1_22.axi_datamover_fifo [\axi_datamover_fifo(c_dwidth=35,...]
Compiling architecture implementation of entity axi_datamover_v5_1_22.axi_datamover_cmd_status [\axi_datamover_cmd_status(c_stsc...]
Compiling architecture behavioral of entity lib_srl_fifo_v1_0_2.dynshreg_f [\dynshreg_f(c_depth=6,c_dwidth=2...]
Compiling architecture imp of entity lib_srl_fifo_v1_0_2.srl_fifo_rbu_f [\srl_fifo_rbu_f(c_dwidth=23,c_de...]
Compiling architecture imp of entity lib_srl_fifo_v1_0_2.srl_fifo_f [\srl_fifo_f(c_dwidth=23,c_depth=...]
Compiling architecture imp of entity axi_datamover_v5_1_22.axi_datamover_fifo [\axi_datamover_fifo(c_dwidth=23,...]
Compiling architecture imp of entity lib_srl_fifo_v1_0_2.cntr_incr_decr_addn_f [\cntr_incr_decr_addn_f(c_size=4,...]
Compiling architecture behavioral of entity lib_srl_fifo_v1_0_2.dynshreg_f [\dynshreg_f(c_depth=6,c_dwidth=2...]
Compiling architecture imp of entity lib_srl_fifo_v1_0_2.srl_fifo_rbu_f [\srl_fifo_rbu_f(c_dwidth=2,c_dep...]
Compiling architecture imp of entity lib_srl_fifo_v1_0_2.srl_fifo_f [\srl_fifo_f(c_dwidth=2,c_depth=6...]
Compiling architecture imp of entity axi_datamover_v5_1_22.axi_datamover_fifo [\axi_datamover_fifo(c_dwidth=2,c...]
Compiling architecture implementation of entity axi_datamover_v5_1_22.axi_datamover_wr_status_cntl [\axi_datamover_wr_status_cntl(c_...]
Compiling architecture implementation of entity axi_datamover_v5_1_22.axi_datamover_addr_cntl [\axi_datamover_addr_cntl(c_addr_...]
Compiling architecture behavioral of entity lib_srl_fifo_v1_0_2.dynshreg_f [\dynshreg_f(c_depth=4,c_dwidth=3...]
Compiling architecture imp of entity lib_srl_fifo_v1_0_2.srl_fifo_rbu_f [\srl_fifo_rbu_f(c_dwidth=36,c_de...]
Compiling architecture imp of entity lib_srl_fifo_v1_0_2.srl_fifo_f [\srl_fifo_f(c_dwidth=36,c_depth=...]
Compiling architecture imp of entity axi_datamover_v5_1_22.axi_datamover_fifo [\axi_datamover_fifo(c_dwidth=36,...]
Compiling architecture implementation of entity axi_datamover_v5_1_22.axi_datamover_wrdata_cntl [\axi_datamover_wrdata_cntl(c_rea...]
Compiling architecture implementation of entity axi_datamover_v5_1_22.axi_datamover_wr_demux [\axi_datamover_wr_demux(c_sel_ad...]
Compiling architecture implementation of entity axi_datamover_v5_1_22.axi_datamover_skid2mm_buf [\axi_datamover_skid2mm_buf(c_mda...]
Compiling architecture implementation of entity axi_datamover_v5_1_22.axi_datamover_s2mm_full_wrap [\axi_datamover_s2mm_full_wrap(c_...]
Compiling architecture implementation of entity axi_datamover_v5_1_22.axi_datamover [\axi_datamover(c_include_mm2s=1,...]
Compiling architecture implementation of entity axi_dma_v7_1_21.axi_dma [\axi_dma(c_prmry_is_aclk_async=1...]
Compiling architecture pl_eth_10g_axi_dma_0_0_arch of entity xil_defaultlib.pl_eth_10g_axi_dma_0_0 [pl_eth_10g_axi_dma_0_0_default]
Compiling module util_vector_logic_v2_0_1.util_vector_logic_v2_0_1_util_ve...
Compiling module xil_defaultlib.pl_eth_10g_dma_rx_rst_0
Compiling module xil_defaultlib.pl_eth_10g_dma_tx_rst_0
Compiling module axis_infrastructure_v1_1_0.axis_infrastructure_v1_1_0_util_...
Compiling module axis_infrastructure_v1_1_0.axis_infrastructure_v1_1_0_util_...
Compiling module axis_infrastructure_v1_1_0.axis_infrastructure_v1_1_0_util_...
Compiling module xpm.xpm_fifo_rst(CDC_DEST_SYNC_FF=3)
Compiling module xpm.xpm_counter_updn(COUNTER_WIDTH=1...
Compiling module xpm.xpm_counter_updn(COUNTER_WIDTH=1...
Compiling module xpm.xpm_memory_base(MEMORY_TYPE=1,ME...
Compiling module xpm.xpm_fifo_base(FIFO_WRITE_DEPTH=3...
Compiling module xpm.xpm_fifo_axis(PACKET_FIFO="true"...
Compiling module axis_data_fifo_v2_0_2.axis_data_fifo_v2_0_2_top(C_FAMI...
Compiling module xil_defaultlib.pl_eth_10g_rx_data_fifo_0
Compiling module xil_defaultlib.pl_eth_10g_rx_rst_n_0
Compiling module xlconstant_v1_1_6.xlconstant_v1_1_6_xlconstant
Compiling module xil_defaultlib.pl_eth_10g_sfp_tx_dis_0
Compiling module axis_data_fifo_v2_0_2.axis_data_fifo_v2_0_2_top(C_FAMI...
Compiling module xil_defaultlib.pl_eth_10g_tx_data_fifo_0
Compiling module xil_defaultlib.pl_eth_10g_tx_rst_n_0
Compiling module xlconstant_v1_1_6.xlconstant_v1_1_6_xlconstant(CON...
Compiling module xil_defaultlib.pl_eth_10g_xlconstant_0_0
Compiling module xil_defaultlib.pl_eth_10g_xlconstant_1_0
Compiling module xlconstant_v1_1_6.xlconstant_v1_1_6_xlconstant(CON...
Compiling module xil_defaultlib.pl_eth_10g_xlconstant_2_0
Compiling module unisims_ver.IBUFDS_GTE4
Compiling module unisims_ver.GTHE4_COMMON(BIAS_CFG2=16'b01001...
Compiling module xil_defaultlib.gtwizard_ultrascale_v1_7_7_gthe4...
Compiling module xil_defaultlib.pl_eth_10g_xxv_ethernet_0_0_gt_g...
Compiling module xil_defaultlib.pl_eth_10g_xxv_ethernet_0_0_comm...
Compiling module unisims_ver.BUFG_GT
Compiling module xil_defaultlib.pl_eth_10g_xxv_ethernet_0_0_cdc_...
Compiling module xil_defaultlib.pl_eth_10g_xxv_ethernet_0_0_ultr...
Compiling module xil_defaultlib.pl_eth_10g_xxv_ethernet_0_0_ultr...
Compiling module unisims_ver.GTHE4_CHANNEL(ADAPT_CFG0=16'b010...
Compiling module xil_defaultlib.gtwizard_ultrascale_v1_7_7_gthe4...
Compiling module xil_defaultlib.pl_eth_10g_xxv_ethernet_0_0_gt_g...
Compiling module gtwizard_ultrascale_v1_7_7.gtwizard_ultrascale_v1_7_7_gthe4...
Compiling module gtwizard_ultrascale_v1_7_7.gtwizard_ultrascale_v1_7_7_bit_s...
Compiling module gtwizard_ultrascale_v1_7_7.gtwizard_ultrascale_v1_7_7_reset...
Compiling module gtwizard_ultrascale_v1_7_7.gtwizard_ultrascale_v1_7_7_reset...
Compiling module gtwizard_ultrascale_v1_7_7.gtwizard_ultrascale_v1_7_7_gtwiz...
Compiling module xil_defaultlib.pl_eth_10g_xxv_ethernet_0_0_gt_g...
Compiling module xil_defaultlib.pl_eth_10g_xxv_ethernet_0_0_gt_g...
Compiling module xil_defaultlib.pl_eth_10g_xxv_ethernet_0_0_gt
Compiling module xil_defaultlib.pl_eth_10g_xxv_ethernet_0_0_reti...
Compiling module xil_defaultlib.pl_eth_10g_xxv_ethernet_0_0_reti...
Compiling module xil_defaultlib.pl_eth_10g_xxv_ethernet_0_0_reti...
Compiling module unisims_ver.RAM64X1S
Compiling module unisims_ver.RAM32M
Compiling module xil_defaultlib.pl_eth_10g_xxv_ethernet_0_0_mac_...
Compiling module xil_defaultlib.pl_eth_10g_xxv_ethernet_0_0_mac_...
Compiling module xil_defaultlib.pl_eth_10g_xxv_ethernet_0_0_mac_...
Compiling module xil_defaultlib.pl_eth_10g_xxv_ethernet_0_0_mac_...
Compiling module xil_defaultlib.pl_eth_10g_xxv_ethernet_0_0_mac_...
Compiling module xil_defaultlib.pl_eth_10g_xxv_ethernet_0_0_mac_...
Compiling module xil_defaultlib.pl_eth_10g_xxv_ethernet_0_0_mac_...
Compiling module xil_defaultlib.pl_eth_10g_xxv_ethernet_0_0_mac_...
Compiling module xil_defaultlib.pl_eth_10g_xxv_ethernet_0_0_axi_...
Compiling module xil_defaultlib.pl_eth_10g_xxv_ethernet_0_0_mac_...
Compiling module xil_defaultlib.pl_eth_10g_xxv_ethernet_0_0_mac_...
Compiling module xil_defaultlib.pl_eth_10g_xxv_ethernet_0_0_axi_...
Compiling module xil_defaultlib.pl_eth_10g_xxv_ethernet_0_0_mac_...
Compiling module xil_defaultlib.pl_eth_10g_xxv_ethernet_0_0_mac_...
Compiling module xil_defaultlib.pl_eth_10g_xxv_ethernet_0_0_mac_...
Compiling module xil_defaultlib.pl_eth_10g_xxv_ethernet_0_0_mac_...
Compiling module xil_defaultlib.pl_eth_10g_xxv_ethernet_0_0_mac_...
Compiling module xil_defaultlib.pl_eth_10g_xxv_ethernet_0_0_mac_...
Compiling module xil_defaultlib.pl_eth_10g_xxv_ethernet_0_0_mac_...
Compiling module xil_defaultlib.pl_eth_10g_xxv_ethernet_0_0_top
Compiling module xil_defaultlib.pl_eth_10g_xxv_ethernet_0_0_wrap...
Compiling module xil_defaultlib.pl_eth_10g_xxv_ethernet_0_0
Compiling module xil_defaultlib.m00_couplers_imp_14E7AOK
Compiling module axi_infrastructure_v1_1_0.axi_infrastructure_v1_1_0_axi2ve...
Compiling module axi_infrastructure_v1_1_0.axi_infrastructure_v1_1_0_vector...
Compiling module axi_register_slice_v2_1_20.axi_register_slice_v2_1_20_axic_...
Compiling module axi_register_slice_v2_1_20.axi_register_slice_v2_1_20_axic_...
Compiling module axi_register_slice_v2_1_20.axi_register_slice_v2_1_20_axic_...
Compiling module axi_register_slice_v2_1_20.axi_register_slice_v2_1_20_axic_...
Compiling module axi_register_slice_v2_1_20.axi_register_slice_v2_1_20_axi_r...
Compiling module generic_baseblocks_v2_1_0.generic_baseblocks_v2_1_0_comman...
Compiling module axi_dwidth_converter_v2_1_20.axi_dwidth_converter_v2_1_20_a_u...
Compiling module axi_dwidth_converter_v2_1_20.axi_dwidth_converter_v2_1_20_w_u...
Compiling module axi_dwidth_converter_v2_1_20.axi_dwidth_converter_v2_1_20_r_u...
Compiling module axi_infrastructure_v1_1_0.axi_infrastructure_v1_1_0_axi2ve...
Compiling module axi_infrastructure_v1_1_0.axi_infrastructure_v1_1_0_vector...
Compiling module axi_register_slice_v2_1_20.axi_register_slice_v2_1_20_axic_...
Compiling module axi_register_slice_v2_1_20.axi_register_slice_v2_1_20_axic_...
Compiling module axi_register_slice_v2_1_20.axi_register_slice_v2_1_20_axi_r...
Compiling module axi_dwidth_converter_v2_1_20.axi_dwidth_converter_v2_1_20_axi...
Compiling module axi_dwidth_converter_v2_1_20.axi_dwidth_converter_v2_1_20_top...
Compiling module xil_defaultlib.pl_eth_10g_auto_us_0
Compiling module xil_defaultlib.s00_couplers_imp_1VNEFIT
Compiling module axi_mmu_v2_1_18.axi_mmu_v2_1_18_addr_decoder(C_F...
Compiling module axi_mmu_v2_1_18.axi_mmu_v2_1_18_decerr_slave(C_R...
Compiling module axi_infrastructure_v1_1_0.axi_infrastructure_v1_1_0_axi2ve...
Compiling module axi_infrastructure_v1_1_0.axi_infrastructure_v1_1_0_vector...
Compiling module axi_register_slice_v2_1_20.axi_register_slice_v2_1_20_axic_...
Compiling module axi_register_slice_v2_1_20.axi_register_slice_v2_1_20_axic_...
Compiling module axi_register_slice_v2_1_20.axi_register_slice_v2_1_20_axic_...
Compiling module axi_register_slice_v2_1_20.axi_register_slice_v2_1_20_axic_...
Compiling module axi_register_slice_v2_1_20.axi_register_slice_v2_1_20_axi_r...
Compiling module axi_mmu_v2_1_18.axi_mmu_v2_1_18_top(C_FAMILY="zy...
Compiling module xil_defaultlib.pl_eth_10g_s00_mmu_0
Compiling module fifo_generator_v13_2_5.fifo_generator_v13_2_5_sync_stag...
Compiling module fifo_generator_v13_2_5.fifo_generator_v13_2_5_bhv_ver_a...
Compiling module fifo_generator_v13_2_5.fifo_generator_v13_2_5_bhv_ver_p...
Compiling module fifo_generator_v13_2_5.fifo_generator_v13_2_5_CONV_VER(...
Compiling module fifo_generator_v13_2_5.fifo_generator_vlog_beh(C_DATA_C...
Compiling module fifo_generator_v13_2_5.fifo_generator_v13_2_5_bhv_ver_a...
Compiling module fifo_generator_v13_2_5.fifo_generator_v13_2_5_bhv_ver_p...
Compiling module fifo_generator_v13_2_5.fifo_generator_v13_2_5_CONV_VER(...
Compiling module fifo_generator_v13_2_5.fifo_generator_vlog_beh(C_DATA_C...
Compiling module axi_clock_converter_v2_1_19.axi_clock_converter_v2_1_19_axi_...
Compiling module xil_defaultlib.pl_eth_10g_auto_cc_0
Compiling module axi_infrastructure_v1_1_0.axi_infrastructure_v1_1_0_axi2ve...
Compiling module axi_infrastructure_v1_1_0.axi_infrastructure_v1_1_0_vector...
Compiling module axi_register_slice_v2_1_20.axi_register_slice_v2_1_20_axic_...
Compiling module axi_register_slice_v2_1_20.axi_register_slice_v2_1_20_axic_...
Compiling module axi_register_slice_v2_1_20.axi_register_slice_v2_1_20_axic_...
Compiling module axi_register_slice_v2_1_20.axi_register_slice_v2_1_20_axi_r...
Compiling module generic_baseblocks_v2_1_0.generic_baseblocks_v2_1_0_comman...
Compiling module axi_dwidth_converter_v2_1_20.axi_dwidth_converter_v2_1_20_a_u...
Compiling module axi_dwidth_converter_v2_1_20.axi_dwidth_converter_v2_1_20_r_u...
Compiling module axi_dwidth_converter_v2_1_20.axi_dwidth_converter_v2_1_20_axi...
Compiling module axi_dwidth_converter_v2_1_20.axi_dwidth_converter_v2_1_20_top...
Compiling module xil_defaultlib.pl_eth_10g_auto_us_1
Compiling module xil_defaultlib.s01_couplers_imp_15TGY8J
Compiling module axi_mmu_v2_1_18.axi_mmu_v2_1_18_decerr_slave(C_A...
Compiling module axi_infrastructure_v1_1_0.axi_infrastructure_v1_1_0_axi2ve...
Compiling module axi_infrastructure_v1_1_0.axi_infrastructure_v1_1_0_vector...
Compiling module axi_register_slice_v2_1_20.axi_register_slice_v2_1_20_axic_...
Compiling module axi_register_slice_v2_1_20.axi_register_slice_v2_1_20_axic_...
Compiling module axi_register_slice_v2_1_20.axi_register_slice_v2_1_20_axic_...
Compiling module axi_register_slice_v2_1_20.axi_register_slice_v2_1_20_axi_r...
Compiling module axi_mmu_v2_1_18.axi_mmu_v2_1_18_top(C_FAMILY="zy...
Compiling module xil_defaultlib.pl_eth_10g_s01_mmu_0
Compiling module fifo_generator_v13_2_5.fifo_generator_vlog_beh(C_DATA_C...
Compiling module fifo_generator_v13_2_5.fifo_generator_v13_2_5_bhv_ver_a...
Compiling module fifo_generator_v13_2_5.fifo_generator_v13_2_5_bhv_ver_p...
Compiling module fifo_generator_v13_2_5.fifo_generator_v13_2_5_CONV_VER(...
Compiling module fifo_generator_v13_2_5.fifo_generator_vlog_beh(C_DATA_C...
Compiling module fifo_generator_v13_2_5.fifo_generator_v13_2_5_bhv_ver_a...
Compiling module fifo_generator_v13_2_5.fifo_generator_v13_2_5_bhv_ver_p...
Compiling module fifo_generator_v13_2_5.fifo_generator_v13_2_5_CONV_VER(...
Compiling module fifo_generator_v13_2_5.fifo_generator_vlog_beh(C_DATA_C...
Compiling module axi_clock_converter_v2_1_19.axi_clock_converter_v2_1_19_axi_...
Compiling module xil_defaultlib.pl_eth_10g_auto_cc_1
Compiling module axi_register_slice_v2_1_20.axi_register_slice_v2_1_20_axi_r...
Compiling module axi_dwidth_converter_v2_1_20.axi_dwidth_converter_v2_1_20_w_u...
Compiling module axi_dwidth_converter_v2_1_20.axi_dwidth_converter_v2_1_20_axi...
Compiling module axi_dwidth_converter_v2_1_20.axi_dwidth_converter_v2_1_20_top...
Compiling module xil_defaultlib.pl_eth_10g_auto_us_2
Compiling module xil_defaultlib.s02_couplers_imp_FUK80P
Compiling module axi_mmu_v2_1_18.axi_mmu_v2_1_18_addr_decoder(C_F...
Compiling module axi_mmu_v2_1_18.axi_mmu_v2_1_18_decerr_slave(C_A...
Compiling module axi_register_slice_v2_1_20.axi_register_slice_v2_1_20_axi_r...
Compiling module axi_mmu_v2_1_18.axi_mmu_v2_1_18_top(C_FAMILY="zy...
Compiling module xil_defaultlib.pl_eth_10g_s02_mmu_0
Compiling module generic_baseblocks_v2_1_0.generic_baseblocks_v2_1_0_carry_...
Compiling module generic_baseblocks_v2_1_0.generic_baseblocks_v2_1_0_compar...
Compiling module generic_baseblocks_v2_1_0.generic_baseblocks_v2_1_0_compar...
Compiling module generic_baseblocks_v2_1_0.generic_baseblocks_v2_1_0_compar...
Compiling module generic_baseblocks_v2_1_0.generic_baseblocks_v2_1_0_compar...
Compiling module axi_crossbar_v2_1_21.axi_crossbar_v2_1_21_addr_decode...
Compiling module generic_baseblocks_v2_1_0.generic_baseblocks_v2_1_0_mux_en...
Compiling module axi_data_fifo_v2_1_19.axi_data_fifo_v2_1_19_ndeep_srl(...
Compiling module axi_data_fifo_v2_1_19.axi_data_fifo_v2_1_19_axic_srl_f...
Compiling module axi_crossbar_v2_1_21.axi_crossbar_v2_1_21_si_transact...
Compiling module generic_baseblocks_v2_1_0.generic_baseblocks_v2_1_0_mux_en...
Compiling module axi_crossbar_v2_1_21.axi_crossbar_v2_1_21_si_transact...
Compiling module axi_crossbar_v2_1_21.axi_crossbar_v2_1_21_splitter
Compiling module axi_data_fifo_v2_1_19.axi_data_fifo_v2_1_19_axic_reg_s...
Compiling module axi_crossbar_v2_1_21.axi_crossbar_v2_1_21_wdata_route...
Compiling module axi_data_fifo_v2_1_19.axi_data_fifo_v2_1_19_ndeep_srl(...
Compiling module axi_data_fifo_v2_1_19.axi_data_fifo_v2_1_19_axic_srl_f...
Compiling module axi_crossbar_v2_1_21.axi_crossbar_v2_1_21_si_transact...
Compiling module axi_crossbar_v2_1_21.axi_crossbar_v2_1_21_si_transact...
Compiling module axi_data_fifo_v2_1_19.axi_data_fifo_v2_1_19_ndeep_srl(...
Compiling module axi_data_fifo_v2_1_19.axi_data_fifo_v2_1_19_axic_reg_s...
Compiling module axi_crossbar_v2_1_21.axi_crossbar_v2_1_21_wdata_route...
Compiling module axi_crossbar_v2_1_21.axi_crossbar_v2_1_21_addr_decode...
Compiling module axi_crossbar_v2_1_21.axi_crossbar_v2_1_21_addr_decode...
Compiling module axi_data_fifo_v2_1_19.axi_data_fifo_v2_1_19_axic_reg_s...
Compiling module generic_baseblocks_v2_1_0.generic_baseblocks_v2_1_0_mux_en...
Compiling module axi_crossbar_v2_1_21.axi_crossbar_v2_1_21_wdata_mux(C...
Compiling module axi_data_fifo_v2_1_19.axi_data_fifo_v2_1_19_axic_srl_f...
Compiling module axi_infrastructure_v1_1_0.axi_infrastructure_v1_1_0_axi2ve...
Compiling module axi_infrastructure_v1_1_0.axi_infrastructure_v1_1_0_vector...
Compiling module axi_register_slice_v2_1_20.axi_register_slice_v2_1_20_axic_...
Compiling module axi_register_slice_v2_1_20.axi_register_slice_v2_1_20_axic_...
Compiling module axi_register_slice_v2_1_20.axi_register_slice_v2_1_20_axic_...
Compiling module axi_register_slice_v2_1_20.axi_register_slice_v2_1_20_axic_...
Compiling module axi_register_slice_v2_1_20.axi_register_slice_v2_1_20_axi_r...
Compiling module axi_crossbar_v2_1_21.axi_crossbar_v2_1_21_addr_decode...
Compiling module axi_data_fifo_v2_1_19.axi_data_fifo_v2_1_19_axic_reg_s...
Compiling module axi_crossbar_v2_1_21.axi_crossbar_v2_1_21_wdata_mux(C...
Compiling module axi_data_fifo_v2_1_19.axi_data_fifo_v2_1_19_axic_srl_f...
Compiling module generic_baseblocks_v2_1_0.generic_baseblocks_v2_1_0_mux_en...
Compiling module generic_baseblocks_v2_1_0.generic_baseblocks_v2_1_0_mux_en...
Compiling module axi_crossbar_v2_1_21.axi_crossbar_v2_1_21_addr_arbite...
Compiling module axi_crossbar_v2_1_21.axi_crossbar_v2_1_21_decerr_slav...
Compiling module axi_crossbar_v2_1_21.axi_crossbar_v2_1_21_crossbar(C_...
Compiling module axi_crossbar_v2_1_21.axi_crossbar_v2_1_21_axi_crossba...
Compiling module xil_defaultlib.pl_eth_10g_xbar_0
Compiling module xil_defaultlib.pl_eth_10g_axi_pl_ps_0
Compiling module fifo_generator_v13_2_5.fifo_generator_v13_2_5_bhv_ver_s...
Compiling module fifo_generator_v13_2_5.fifo_generator_v13_2_5_bhv_ver_p...
Compiling module fifo_generator_v13_2_5.fifo_generator_v13_2_5_CONV_VER(...
Compiling module fifo_generator_v13_2_5.fifo_generator_vlog_beh(C_COMMON...
Compiling module axi_data_fifo_v2_1_19.axi_data_fifo_v2_1_19_fifo_gen(C...
Compiling module axi_data_fifo_v2_1_19.axi_data_fifo_v2_1_19_axic_fifo(...
Compiling module fifo_generator_v13_2_5.fifo_generator_v13_2_5_bhv_ver_s...
Compiling module fifo_generator_v13_2_5.fifo_generator_v13_2_5_bhv_ver_p...
Compiling module fifo_generator_v13_2_5.fifo_generator_v13_2_5_CONV_VER(...
Compiling module fifo_generator_v13_2_5.fifo_generator_vlog_beh(C_COMMON...
Compiling module axi_data_fifo_v2_1_19.axi_data_fifo_v2_1_19_fifo_gen(C...
Compiling module axi_data_fifo_v2_1_19.axi_data_fifo_v2_1_19_axic_fifo(...
Compiling module axi_dwidth_converter_v2_1_20.axi_dwidth_converter_v2_1_20_a_d...
Compiling module axi_dwidth_converter_v2_1_20.axi_dwidth_converter_v2_1_20_w_d...
Compiling module axi_dwidth_converter_v2_1_20.axi_dwidth_converter_v2_1_20_b_d...
Compiling module axi_dwidth_converter_v2_1_20.axi_dwidth_converter_v2_1_20_a_d...
Compiling module axi_dwidth_converter_v2_1_20.axi_dwidth_converter_v2_1_20_r_d...
Compiling module axi_dwidth_converter_v2_1_20.axi_dwidth_converter_v2_1_20_axi...
Compiling module axi_dwidth_converter_v2_1_20.axi_dwidth_converter_v2_1_20_top...
Compiling module xil_defaultlib.pl_eth_10g_auto_ds_0
Compiling module axi_infrastructure_v1_1_0.axi_infrastructure_v1_1_0_axi2ve...
Compiling module axi_infrastructure_v1_1_0.axi_infrastructure_v1_1_0_vector...
Compiling module axi_register_slice_v2_1_20.axi_register_slice_v2_1_20_axic_...
Compiling module axi_register_slice_v2_1_20.axi_register_slice_v2_1_20_axic_...
Compiling module axi_register_slice_v2_1_20.axi_register_slice_v2_1_20_axic_...
Compiling module axi_register_slice_v2_1_20.axi_register_slice_v2_1_20_axic_...
Compiling module axi_register_slice_v2_1_20.axi_register_slice_v2_1_20_axi_r...
Compiling module axi_protocol_converter_v2_1_20.axi_protocol_converter_v2_1_20_b...
Compiling module axi_protocol_converter_v2_1_20.axi_protocol_converter_v2_1_20_b...
Compiling module axi_protocol_converter_v2_1_20.axi_protocol_converter_v2_1_20_b...
Compiling module axi_protocol_converter_v2_1_20.axi_protocol_converter_v2_1_20_b...
Compiling module axi_protocol_converter_v2_1_20.axi_protocol_converter_v2_1_20_b...
Compiling module axi_protocol_converter_v2_1_20.axi_protocol_converter_v2_1_20_b...
Compiling module axi_protocol_converter_v2_1_20.axi_protocol_converter_v2_1_20_b...
Compiling module axi_protocol_converter_v2_1_20.axi_protocol_converter_v2_1_20_b...
Compiling module axi_protocol_converter_v2_1_20.axi_protocol_converter_v2_1_20_b...
Compiling module axi_protocol_converter_v2_1_20.axi_protocol_converter_v2_1_20_b...
Compiling module axi_protocol_converter_v2_1_20.axi_protocol_converter_v2_1_20_b...
Compiling module axi_protocol_converter_v2_1_20.axi_protocol_converter_v2_1_20_b...
Compiling module axi_protocol_converter_v2_1_20.axi_protocol_converter_v2_1_20_b...
Compiling module axi_infrastructure_v1_1_0.axi_infrastructure_v1_1_0_axi2ve...
Compiling module axi_infrastructure_v1_1_0.axi_infrastructure_v1_1_0_vector...
Compiling module axi_register_slice_v2_1_20.axi_register_slice_v2_1_20_axic_...
Compiling module axi_register_slice_v2_1_20.axi_register_slice_v2_1_20_axic_...
Compiling module axi_register_slice_v2_1_20.axi_register_slice_v2_1_20_axic_...
Compiling module axi_register_slice_v2_1_20.axi_register_slice_v2_1_20_axic_...
Compiling module axi_register_slice_v2_1_20.axi_register_slice_v2_1_20_axi_r...
Compiling module axi_protocol_converter_v2_1_20.axi_protocol_converter_v2_1_20_b...
Compiling module axi_protocol_converter_v2_1_20.axi_protocol_converter_v2_1_20_a...
Compiling module xil_defaultlib.pl_eth_10g_auto_pc_0
Compiling module xil_defaultlib.m00_couplers_imp_1E439ZY
Compiling module axi_dwidth_converter_v2_1_20.axi_dwidth_converter_v2_1_20_a_d...
Compiling module axi_dwidth_converter_v2_1_20.axi_dwidth_converter_v2_1_20_a_d...
Compiling module axi_dwidth_converter_v2_1_20.axi_dwidth_converter_v2_1_20_axi...
Compiling module axi_dwidth_converter_v2_1_20.axi_dwidth_converter_v2_1_20_top...
Compiling module xil_defaultlib.pl_eth_10g_auto_ds_1
Compiling module axi_register_slice_v2_1_20.axi_register_slice_v2_1_20_axic_...
Compiling module axi_register_slice_v2_1_20.axi_register_slice_v2_1_20_axi_r...
Compiling module axi_protocol_converter_v2_1_20.axi_protocol_converter_v2_1_20_b...
Compiling module axi_protocol_converter_v2_1_20.axi_protocol_converter_v2_1_20_b...
Compiling module axi_protocol_converter_v2_1_20.axi_protocol_converter_v2_1_20_b...
Compiling module axi_protocol_converter_v2_1_20.axi_protocol_converter_v2_1_20_b...
Compiling module axi_protocol_converter_v2_1_20.axi_protocol_converter_v2_1_20_b...
Compiling module axi_infrastructure_v1_1_0.axi_infrastructure_v1_1_0_axi2ve...
Compiling module axi_infrastructure_v1_1_0.axi_infrastructure_v1_1_0_vector...
Compiling module axi_register_slice_v2_1_20.axi_register_slice_v2_1_20_axic_...
Compiling module axi_register_slice_v2_1_20.axi_register_slice_v2_1_20_axi_r...
Compiling module axi_protocol_converter_v2_1_20.axi_protocol_converter_v2_1_20_b...
Compiling module axi_protocol_converter_v2_1_20.axi_protocol_converter_v2_1_20_a...
Compiling module xil_defaultlib.pl_eth_10g_auto_pc_1
Compiling module xil_defaultlib.m01_couplers_imp_1M9GWM0
Compiling module xil_defaultlib.m02_couplers_imp_Z1SUS2
Compiling module xil_defaultlib.s00_couplers_imp_1NM33Q7
Compiling module generic_baseblocks_v2_1_0.generic_baseblocks_v2_1_0_compar...
Compiling module generic_baseblocks_v2_1_0.generic_baseblocks_v2_1_0_compar...
Compiling module axi_crossbar_v2_1_21.axi_crossbar_v2_1_21_addr_decode...
Compiling module axi_crossbar_v2_1_21.axi_crossbar_v2_1_21_arbiter_res...
Compiling module generic_baseblocks_v2_1_0.generic_baseblocks_v2_1_0_mux_en...
Compiling module axi_crossbar_v2_1_21.axi_crossbar_v2_1_21_si_transact...
Compiling module generic_baseblocks_v2_1_0.generic_baseblocks_v2_1_0_mux_en...
Compiling module axi_crossbar_v2_1_21.axi_crossbar_v2_1_21_si_transact...
Compiling module axi_data_fifo_v2_1_19.axi_data_fifo_v2_1_19_ndeep_srl(...
Compiling module axi_data_fifo_v2_1_19.axi_data_fifo_v2_1_19_axic_reg_s...
Compiling module axi_crossbar_v2_1_21.axi_crossbar_v2_1_21_wdata_route...
Compiling module axi_crossbar_v2_1_21.axi_crossbar_v2_1_21_wdata_mux(C...
Compiling module axi_data_fifo_v2_1_19.axi_data_fifo_v2_1_19_axic_srl_f...
Compiling module axi_infrastructure_v1_1_0.axi_infrastructure_v1_1_0_axi2ve...
Compiling module axi_infrastructure_v1_1_0.axi_infrastructure_v1_1_0_vector...
Compiling module axi_register_slice_v2_1_20.axi_register_slice_v2_1_20_axic_...
Compiling module axi_register_slice_v2_1_20.axi_register_slice_v2_1_20_axic_...
Compiling module axi_register_slice_v2_1_20.axi_register_slice_v2_1_20_axic_...
Compiling module axi_register_slice_v2_1_20.axi_register_slice_v2_1_20_axic_...
Compiling module axi_register_slice_v2_1_20.axi_register_slice_v2_1_20_axi_r...
Compiling module axi_crossbar_v2_1_21.axi_crossbar_v2_1_21_wdata_mux(C...
Compiling module axi_crossbar_v2_1_21.axi_crossbar_v2_1_21_addr_arbite...
Compiling module axi_crossbar_v2_1_21.axi_crossbar_v2_1_21_decerr_slav...
Compiling module axi_crossbar_v2_1_21.axi_crossbar_v2_1_21_crossbar(C_...
Compiling module axi_crossbar_v2_1_21.axi_crossbar_v2_1_21_axi_crossba...
Compiling module xil_defaultlib.pl_eth_10g_xbar_1
Compiling module xil_defaultlib.pl_eth_10g_ps_axi_periph_0
Compiling architecture fdre_v of entity unisim.FDRE [\FDRE(init='1')\]
Compiling architecture implementation of entity lib_cdc_v1_0_2.cdc_sync [\cdc_sync(c_vector_width=2,c_mtb...]
Compiling architecture srl16e_v of entity unisim.SRL16E [\SRL16E(init="1111111111111111")...]
Compiling architecture srl16_v of entity unisim.SRL16 [\SRL16(init="1111111111111111")(...]
Compiling architecture imp of entity proc_sys_reset_v5_0_13.lpf [\lpf(c_ext_rst_width=4,c_aux_rst...]
Compiling architecture imp of entity proc_sys_reset_v5_0_13.upcnt_n [\upcnt_n(c_size=6)\]
Compiling architecture imp of entity proc_sys_reset_v5_0_13.sequence_psr [sequence_psr_default]
Compiling architecture imp of entity proc_sys_reset_v5_0_13.proc_sys_reset [\proc_sys_reset(c_family="zynqup...]
Compiling architecture pl_eth_10g_rst_ps8_0_99m_0_arch of entity xil_defaultlib.pl_eth_10g_rst_ps8_0_99M_0 [pl_eth_10g_rst_ps8_0_99m_0_defau...]
Compiling module xil_defaultlib.pl_eth_10g_util_vector_logic_0_0
Compiling module xlconcat_v2_1_3.xlconcat_v2_1_3_xlconcat_default
Compiling module xil_defaultlib.pl_eth_10g_xlconcat_0_0
Compiling module zynq_ultra_ps_e_vip_v1_0_6.zynq_ultra_ps_e_vip_v1_0_6_gen_r...
Compiling module zynq_ultra_ps_e_vip_v1_0_6.zynq_ultra_ps_e_vip_v1_0_6_gen_c...
Compiling module zynq_ultra_ps_e_vip_v1_0_6.zynq_ultra_ps_e_vip_v1_0_6_arb_w...
Compiling module zynq_ultra_ps_e_vip_v1_0_6.zynq_ultra_ps_e_vip_v1_0_6_arb_r...
Compiling module zynq_ultra_ps_e_vip_v1_0_6.zynq_ultra_ps_e_vip_v1_0_6_spars...
Compiling module zynq_ultra_ps_e_vip_v1_0_6.zynq_ultra_ps_e_vip_v1_0_6_ddrc_...
Compiling module zynq_ultra_ps_e_vip_v1_0_6.zynq_ultra_ps_e_vip_v1_0_6_ocm_m...
Compiling module zynq_ultra_ps_e_vip_v1_0_6.zynq_ultra_ps_e_vip_v1_0_6_ocmc_...
Compiling module zynq_ultra_ps_e_vip_v1_0_6.zynq_ultra_ps_e_vip_v1_0_6_reg_m...
Compiling module zynq_ultra_ps_e_vip_v1_0_6.zynq_ultra_ps_e_vip_v1_0_6_regc_...
Compiling module xilinx_vip.axi_vip_axi4pc(WADDR_WIDTH=40,RA...
Compiling module xilinx_vip.cb
Compiling module xilinx_vip.axi_vip_if(C_AXI_ADDR_WIDTH=40,C...
Compiling module axi_vip_v1_1_6.axi_vip_v1_1_6_top(C_AXI_INTERFA...
Compiling module zynq_ultra_ps_e_vip_v1_0_6.zynq_ultra_ps_e_vip_v1_0_6_axi_s...
Compiling module xilinx_vip.axi_vip_axi4pc(WADDR_WIDTH=40,RA...
Compiling module xilinx_vip.cb
Compiling module xilinx_vip.axi_vip_if(C_AXI_ADDR_WIDTH=40,C...
Compiling module axi_vip_v1_1_6.axi_vip_v1_1_6_top(C_AXI_INTERFA...
Compiling module zynq_ultra_ps_e_vip_v1_0_6.zynq_ultra_ps_e_vip_v1_0_6_axi_s...
Compiling module zynq_ultra_ps_e_vip_v1_0_6.zynq_ultra_ps_e_vip_v1_0_6_axi_s...
Compiling module zynq_ultra_ps_e_vip_v1_0_6.zynq_ultra_ps_e_vip_v1_0_6_axi_s...
Compiling module zynq_ultra_ps_e_vip_v1_0_6.zynq_ultra_ps_e_vip_v1_0_6_axi_s...
Compiling module zynq_ultra_ps_e_vip_v1_0_6.zynq_ultra_ps_e_vip_v1_0_6_axi_s...
Compiling module zynq_ultra_ps_e_vip_v1_0_6.zynq_ultra_ps_e_vip_v1_0_6_axi_s...
Compiling module zynq_ultra_ps_e_vip_v1_0_6.zynq_ultra_ps_e_vip_v1_0_6_axi_s...
Compiling module zynq_ultra_ps_e_vip_v1_0_6.zynq_ultra_ps_e_vip_v1_0_6_axi_s...
Compiling module xilinx_vip.axi_vip_axi4pc(WADDR_WIDTH=40,RA...
Compiling module xilinx_vip.cb
Compiling module xilinx_vip.axi_vip_if(C_AXI_ADDR_WIDTH=40,C...
Compiling module axi_vip_v1_1_6.axi_vip_v1_1_6_top(C_AXI_INTERFA...
Compiling module zynq_ultra_ps_e_vip_v1_0_6.zynq_ultra_ps_e_vip_v1_0_6_axi_m...
Compiling module zynq_ultra_ps_e_vip_v1_0_6.zynq_ultra_ps_e_vip_v1_0_6_axi_m...
Compiling module zynq_ultra_ps_e_vip_v1_0_6.zynq_ultra_ps_e_vip_v1_0_6_axi_m...
Compiling module zynq_ultra_ps_e_vip_v1_0_6.zynq_ultra_ps_e_vip_v1_0_6_arb_w...
Compiling module zynq_ultra_ps_e_vip_v1_0_6.zynq_ultra_ps_e_vip_v1_0_6_arb_r...
Compiling module zynq_ultra_ps_e_vip_v1_0_6.zynq_ultra_ps_e_vip_v1_0_6_arb_r...
Compiling module zynq_ultra_ps_e_vip_v1_0_6.zynq_ultra_ps_e_vip_v1_0_6_ddr_i...
Compiling module zynq_ultra_ps_e_vip_v1_0_6.zynq_ultra_ps_e_vip_v1_0_6_inter...
Compiling module zynq_ultra_ps_e_vip_v1_0_6.zynq_ultra_ps_e_vip_v1_0_6(C_FCL...
Compiling module xil_defaultlib.pl_eth_10g_zynq_ultra_ps_e_0_0
Compiling module xil_defaultlib.zups_imp_LJOBZF
Compiling module xil_defaultlib.pl_eth_10g
Compiling module xil_defaultlib.pl_eth_10g_wrapper
Compiling module xil_defaultlib.glbl
Built simulation snapshot pl_eth_10g_wrapper_behav
