Duplicated file found; will not be sent for synthesis: /home/supersonic/Lab/ZCU102-Ethernet/2019.2/pl_eth_10g/Hardware/pl_eth_10g_hw/pl_eth_10g.srcs/sources_1/bd/pl_eth_10g/ipshared/2137/hdl/util_vector_logic_v2_0_vl_rfs.v
Duplicated file found; will not be sent for synthesis: /home/supersonic/Lab/ZCU102-Ethernet/2019.2/pl_eth_10g/Hardware/pl_eth_10g_hw/pl_eth_10g.srcs/sources_1/bd/pl_eth_10g/ipshared/2137/hdl/util_vector_logic_v2_0_vl_rfs.v
Duplicated file found; will not be sent for synthesis: /home/supersonic/Lab/ZCU102-Ethernet/2019.2/pl_eth_10g/Hardware/pl_eth_10g_hw/pl_eth_10g.srcs/sources_1/bd/pl_eth_10g/ipshared/8713/hdl/axis_infrastructure_v1_1_0.vh
Duplicated file found; will not be sent for synthesis: /home/supersonic/Lab/ZCU102-Ethernet/2019.2/pl_eth_10g/Hardware/pl_eth_10g_hw/pl_eth_10g.srcs/sources_1/bd/pl_eth_10g/ipshared/8713/hdl/axis_infrastructure_v1_1_vl_rfs.v
Duplicated file found; will not be sent for synthesis: /home/supersonic/Lab/ZCU102-Ethernet/2019.2/pl_eth_10g/Hardware/pl_eth_10g_hw/pl_eth_10g.srcs/sources_1/bd/pl_eth_10g/ipshared/3341/hdl/axis_data_fifo_v2_0_vl_rfs.v
Duplicated file found; will not be sent for synthesis: /home/supersonic/Lab/ZCU102-Ethernet/2019.2/pl_eth_10g/Hardware/pl_eth_10g_hw/pl_eth_10g.srcs/sources_1/bd/pl_eth_10g/ipshared/2137/hdl/util_vector_logic_v2_0_vl_rfs.v
Duplicated file found; will not be sent for synthesis: /home/supersonic/Lab/ZCU102-Ethernet/2019.2/pl_eth_10g/Hardware/pl_eth_10g_hw/pl_eth_10g.srcs/sources_1/bd/pl_eth_10g/ipshared/34f7/hdl/xlconstant_v1_1_vl_rfs.v
Duplicated file found; will not be sent for synthesis: /home/supersonic/Lab/ZCU102-Ethernet/2019.2/pl_eth_10g/Hardware/pl_eth_10g_hw/pl_eth_10g.srcs/sources_1/bd/pl_eth_10g/ipshared/34f7/hdl/xlconstant_v1_1_vl_rfs.v
Duplicated file found; will not be sent for synthesis: /home/supersonic/Lab/ZCU102-Ethernet/2019.2/pl_eth_10g/Hardware/pl_eth_10g_hw/pl_eth_10g.srcs/sources_1/bd/pl_eth_10g/ipshared/34f7/hdl/xlconstant_v1_1_vl_rfs.v
Duplicated file found; will not be sent for synthesis: /home/supersonic/Lab/ZCU102-Ethernet/2019.2/pl_eth_10g/Hardware/pl_eth_10g_hw/pl_eth_10g.srcs/sources_1/bd/pl_eth_10g/ipshared/2985/hdl/blk_mem_gen_v8_4_vhsyn_rfs.vhd
Duplicated file found; will not be sent for synthesis: /home/supersonic/Lab/ZCU102-Ethernet/2019.2/pl_eth_10g/Hardware/pl_eth_10g_hw/pl_eth_10g.srcs/sources_1/bd/pl_eth_10g/ipshared/276e/hdl/fifo_generator_v13_2_vhsyn_rfs.vhd
Duplicated file found; will not be sent for synthesis: /home/supersonic/Lab/ZCU102-Ethernet/2019.2/pl_eth_10g/Hardware/pl_eth_10g_hw/pl_eth_10g.srcs/sources_1/bd/pl_eth_10g/ipshared/b752/hdl/generic_baseblocks_v2_1_vl_rfs.v
Duplicated file found; will not be sent for synthesis: /home/supersonic/Lab/ZCU102-Ethernet/2019.2/pl_eth_10g/Hardware/pl_eth_10g_hw/pl_eth_10g.srcs/sources_1/bd/pl_eth_10g/ipshared/60de/hdl/axi_data_fifo_v2_1_vl_rfs.v
Duplicated file found; will not be sent for synthesis: /home/supersonic/Lab/ZCU102-Ethernet/2019.2/pl_eth_10g/Hardware/pl_eth_10g_hw/pl_eth_10g.srcs/sources_1/bd/pl_eth_10g/ipshared/ec67/hdl/axi_infrastructure_v1_1_0.vh
Duplicated file found; will not be sent for synthesis: /home/supersonic/Lab/ZCU102-Ethernet/2019.2/pl_eth_10g/Hardware/pl_eth_10g_hw/pl_eth_10g.srcs/sources_1/bd/pl_eth_10g/ipshared/ec67/hdl/axi_infrastructure_v1_1_vl_rfs.v
Duplicated file found; will not be sent for synthesis: /home/supersonic/Lab/ZCU102-Ethernet/2019.2/pl_eth_10g/Hardware/pl_eth_10g_hw/pl_eth_10g.srcs/sources_1/bd/pl_eth_10g/ipshared/72d4/hdl/axi_register_slice_v2_1_vl_rfs.v
Duplicated file found; will not be sent for synthesis: /home/supersonic/Lab/ZCU102-Ethernet/2019.2/pl_eth_10g/Hardware/pl_eth_10g_hw/pl_eth_10g.srcs/sources_1/bd/pl_eth_10g/ipshared/2985/hdl/blk_mem_gen_v8_4_vhsyn_rfs.vhd
Duplicated file found; will not be sent for synthesis: /home/supersonic/Lab/ZCU102-Ethernet/2019.2/pl_eth_10g/Hardware/pl_eth_10g_hw/pl_eth_10g.srcs/sources_1/bd/pl_eth_10g/ipshared/276e/hdl/fifo_generator_v13_2_vhsyn_rfs.vhd
Duplicated file found; will not be sent for synthesis: /home/supersonic/Lab/ZCU102-Ethernet/2019.2/pl_eth_10g/Hardware/pl_eth_10g_hw/pl_eth_10g.srcs/sources_1/bd/pl_eth_10g/ipshared/b752/hdl/generic_baseblocks_v2_1_vl_rfs.v
Duplicated file found; will not be sent for synthesis: /home/supersonic/Lab/ZCU102-Ethernet/2019.2/pl_eth_10g/Hardware/pl_eth_10g_hw/pl_eth_10g.srcs/sources_1/bd/pl_eth_10g/ipshared/60de/hdl/axi_data_fifo_v2_1_vl_rfs.v
Duplicated file found; will not be sent for synthesis: /home/supersonic/Lab/ZCU102-Ethernet/2019.2/pl_eth_10g/Hardware/pl_eth_10g_hw/pl_eth_10g.srcs/sources_1/bd/pl_eth_10g/ipshared/ec67/hdl/axi_infrastructure_v1_1_0.vh
Duplicated file found; will not be sent for synthesis: /home/supersonic/Lab/ZCU102-Ethernet/2019.2/pl_eth_10g/Hardware/pl_eth_10g_hw/pl_eth_10g.srcs/sources_1/bd/pl_eth_10g/ipshared/ec67/hdl/axi_infrastructure_v1_1_vl_rfs.v
Duplicated file found; will not be sent for synthesis: /home/supersonic/Lab/ZCU102-Ethernet/2019.2/pl_eth_10g/Hardware/pl_eth_10g_hw/pl_eth_10g.srcs/sources_1/bd/pl_eth_10g/ipshared/72d4/hdl/axi_register_slice_v2_1_vl_rfs.v
Duplicated file found; will not be sent for synthesis: /home/supersonic/Lab/ZCU102-Ethernet/2019.2/pl_eth_10g/Hardware/pl_eth_10g_hw/pl_eth_10g.srcs/sources_1/bd/pl_eth_10g/ipshared/c4a6/hdl/axi_protocol_converter_v2_1_vl_rfs.v
Duplicated file found; will not be sent for synthesis: /home/supersonic/Lab/ZCU102-Ethernet/2019.2/pl_eth_10g/Hardware/pl_eth_10g_hw/pl_eth_10g.srcs/sources_1/bd/pl_eth_10g/ipshared/9e81/hdl/axi_clock_converter_v2_1_vl_rfs.v
Duplicated file found; will not be sent for synthesis: /home/supersonic/Lab/ZCU102-Ethernet/2019.2/pl_eth_10g/Hardware/pl_eth_10g_hw/pl_eth_10g.srcs/sources_1/bd/pl_eth_10g/ipshared/2985/hdl/blk_mem_gen_v8_4_vhsyn_rfs.vhd
Duplicated file found; will not be sent for synthesis: /home/supersonic/Lab/ZCU102-Ethernet/2019.2/pl_eth_10g/Hardware/pl_eth_10g_hw/pl_eth_10g.srcs/sources_1/bd/pl_eth_10g/ipshared/276e/hdl/fifo_generator_v13_2_vhsyn_rfs.vhd
Duplicated file found; will not be sent for synthesis: /home/supersonic/Lab/ZCU102-Ethernet/2019.2/pl_eth_10g/Hardware/pl_eth_10g_hw/pl_eth_10g.srcs/sources_1/bd/pl_eth_10g/ipshared/d394/hdl/axi_dwidth_converter_v2_1_vlsyn_rfs.v
Duplicated file found; will not be sent for synthesis: /home/supersonic/Lab/ZCU102-Ethernet/2019.2/pl_eth_10g/Hardware/pl_eth_10g_hw/pl_eth_10g.srcs/sources_1/bd/pl_eth_10g/ipshared/ec67/hdl/axi_infrastructure_v1_1_0.vh
Duplicated file found; will not be sent for synthesis: /home/supersonic/Lab/ZCU102-Ethernet/2019.2/pl_eth_10g/Hardware/pl_eth_10g_hw/pl_eth_10g.srcs/sources_1/bd/pl_eth_10g/ipshared/ec67/hdl/axi_infrastructure_v1_1_vl_rfs.v
Duplicated file found; will not be sent for synthesis: /home/supersonic/Lab/ZCU102-Ethernet/2019.2/pl_eth_10g/Hardware/pl_eth_10g_hw/pl_eth_10g.srcs/sources_1/bd/pl_eth_10g/ipshared/9e81/hdl/axi_clock_converter_v2_1_vl_rfs.v
Duplicated file found; will not be sent for synthesis: /home/supersonic/Lab/ZCU102-Ethernet/2019.2/pl_eth_10g/Hardware/pl_eth_10g_hw/pl_eth_10g.srcs/sources_1/bd/pl_eth_10g/ipshared/2985/hdl/blk_mem_gen_v8_4_vhsyn_rfs.vhd
Duplicated file found; will not be sent for synthesis: /home/supersonic/Lab/ZCU102-Ethernet/2019.2/pl_eth_10g/Hardware/pl_eth_10g_hw/pl_eth_10g.srcs/sources_1/bd/pl_eth_10g/ipshared/276e/hdl/fifo_generator_v13_2_vhsyn_rfs.vhd
Duplicated file found; will not be sent for synthesis: /home/supersonic/Lab/ZCU102-Ethernet/2019.2/pl_eth_10g/Hardware/pl_eth_10g_hw/pl_eth_10g.srcs/sources_1/bd/pl_eth_10g/ipshared/b752/hdl/generic_baseblocks_v2_1_vl_rfs.v
Duplicated file found; will not be sent for synthesis: /home/supersonic/Lab/ZCU102-Ethernet/2019.2/pl_eth_10g/Hardware/pl_eth_10g_hw/pl_eth_10g.srcs/sources_1/bd/pl_eth_10g/ipshared/60de/hdl/axi_data_fifo_v2_1_vl_rfs.v
Duplicated file found; will not be sent for synthesis: /home/supersonic/Lab/ZCU102-Ethernet/2019.2/pl_eth_10g/Hardware/pl_eth_10g_hw/pl_eth_10g.srcs/sources_1/bd/pl_eth_10g/ipshared/ec67/hdl/axi_infrastructure_v1_1_0.vh
Duplicated file found; will not be sent for synthesis: /home/supersonic/Lab/ZCU102-Ethernet/2019.2/pl_eth_10g/Hardware/pl_eth_10g_hw/pl_eth_10g.srcs/sources_1/bd/pl_eth_10g/ipshared/ec67/hdl/axi_infrastructure_v1_1_vl_rfs.v
Duplicated file found; will not be sent for synthesis: /home/supersonic/Lab/ZCU102-Ethernet/2019.2/pl_eth_10g/Hardware/pl_eth_10g_hw/pl_eth_10g.srcs/sources_1/bd/pl_eth_10g/ipshared/72d4/hdl/axi_register_slice_v2_1_vl_rfs.v
Duplicated file found; will not be sent for synthesis: /home/supersonic/Lab/ZCU102-Ethernet/2019.2/pl_eth_10g/Hardware/pl_eth_10g_hw/pl_eth_10g.srcs/sources_1/bd/pl_eth_10g/ipshared/c4a6/hdl/axi_protocol_converter_v2_1_vl_rfs.v
Duplicated file found; will not be sent for synthesis: /home/supersonic/Lab/ZCU102-Ethernet/2019.2/pl_eth_10g/Hardware/pl_eth_10g_hw/pl_eth_10g.srcs/sources_1/bd/pl_eth_10g/ipshared/9e81/hdl/axi_clock_converter_v2_1_vl_rfs.v
Duplicated file found; will not be sent for synthesis: /home/supersonic/Lab/ZCU102-Ethernet/2019.2/pl_eth_10g/Hardware/pl_eth_10g_hw/pl_eth_10g.srcs/sources_1/bd/pl_eth_10g/ipshared/2985/hdl/blk_mem_gen_v8_4_vhsyn_rfs.vhd
Duplicated file found; will not be sent for synthesis: /home/supersonic/Lab/ZCU102-Ethernet/2019.2/pl_eth_10g/Hardware/pl_eth_10g_hw/pl_eth_10g.srcs/sources_1/bd/pl_eth_10g/ipshared/276e/hdl/fifo_generator_v13_2_vhsyn_rfs.vhd
Duplicated file found; will not be sent for synthesis: /home/supersonic/Lab/ZCU102-Ethernet/2019.2/pl_eth_10g/Hardware/pl_eth_10g_hw/pl_eth_10g.srcs/sources_1/bd/pl_eth_10g/ipshared/d394/hdl/axi_dwidth_converter_v2_1_vlsyn_rfs.v
Duplicated file found; will not be sent for synthesis: /home/supersonic/Lab/ZCU102-Ethernet/2019.2/pl_eth_10g/Hardware/pl_eth_10g_hw/pl_eth_10g.srcs/sources_1/bd/pl_eth_10g/ipshared/ec67/hdl/axi_infrastructure_v1_1_0.vh
Duplicated file found; will not be sent for synthesis: /home/supersonic/Lab/ZCU102-Ethernet/2019.2/pl_eth_10g/Hardware/pl_eth_10g_hw/pl_eth_10g.srcs/sources_1/bd/pl_eth_10g/ipshared/ec67/hdl/axi_infrastructure_v1_1_vl_rfs.v
Duplicated file found; will not be sent for synthesis: /home/supersonic/Lab/ZCU102-Ethernet/2019.2/pl_eth_10g/Hardware/pl_eth_10g_hw/pl_eth_10g.srcs/sources_1/bd/pl_eth_10g/ipshared/9e81/hdl/axi_clock_converter_v2_1_vl_rfs.v
Duplicated file found; will not be sent for synthesis: /home/supersonic/Lab/ZCU102-Ethernet/2019.2/pl_eth_10g/Hardware/pl_eth_10g_hw/pl_eth_10g.srcs/sources_1/bd/pl_eth_10g/ipshared/2985/hdl/blk_mem_gen_v8_4_vhsyn_rfs.vhd
Duplicated file found; will not be sent for synthesis: /home/supersonic/Lab/ZCU102-Ethernet/2019.2/pl_eth_10g/Hardware/pl_eth_10g_hw/pl_eth_10g.srcs/sources_1/bd/pl_eth_10g/ipshared/276e/hdl/fifo_generator_v13_2_vhsyn_rfs.vhd
Duplicated file found; will not be sent for synthesis: /home/supersonic/Lab/ZCU102-Ethernet/2019.2/pl_eth_10g/Hardware/pl_eth_10g_hw/pl_eth_10g.srcs/sources_1/bd/pl_eth_10g/ipshared/ec67/hdl/axi_infrastructure_v1_1_0.vh
Duplicated file found; will not be sent for synthesis: /home/supersonic/Lab/ZCU102-Ethernet/2019.2/pl_eth_10g/Hardware/pl_eth_10g_hw/pl_eth_10g.srcs/sources_1/bd/pl_eth_10g/ipshared/ec67/hdl/axi_infrastructure_v1_1_vl_rfs.v
Duplicated file found; will not be sent for synthesis: /home/supersonic/Lab/ZCU102-Ethernet/2019.2/pl_eth_10g/Hardware/pl_eth_10g_hw/pl_eth_10g.srcs/sources_1/bd/pl_eth_10g/ipshared/72d4/hdl/axi_register_slice_v2_1_vl_rfs.v
Duplicated file found; will not be sent for synthesis: /home/supersonic/Lab/ZCU102-Ethernet/2019.2/pl_eth_10g/Hardware/pl_eth_10g_hw/pl_eth_10g.srcs/sources_1/bd/pl_eth_10g/ipshared/ec67/hdl/axi_infrastructure_v1_1_0.vh
Duplicated file found; will not be sent for synthesis: /home/supersonic/Lab/ZCU102-Ethernet/2019.2/pl_eth_10g/Hardware/pl_eth_10g_hw/pl_eth_10g.srcs/sources_1/bd/pl_eth_10g/ipshared/ec67/hdl/axi_infrastructure_v1_1_vl_rfs.v
Duplicated file found; will not be sent for synthesis: /home/supersonic/Lab/ZCU102-Ethernet/2019.2/pl_eth_10g/Hardware/pl_eth_10g_hw/pl_eth_10g.srcs/sources_1/bd/pl_eth_10g/ipshared/72d4/hdl/axi_register_slice_v2_1_vl_rfs.v
Duplicated file found; will not be sent for synthesis: /home/supersonic/Lab/ZCU102-Ethernet/2019.2/pl_eth_10g/Hardware/pl_eth_10g_hw/pl_eth_10g.srcs/sources_1/bd/pl_eth_10g/ipshared/cba0/hdl/axi_mmu_v2_1_vl_rfs.v
Duplicated file found; will not be sent for synthesis: /home/supersonic/Lab/ZCU102-Ethernet/2019.2/pl_eth_10g/Hardware/pl_eth_10g_hw/pl_eth_10g.srcs/sources_1/bd/pl_eth_10g/ipshared/ec67/hdl/axi_infrastructure_v1_1_0.vh
Duplicated file found; will not be sent for synthesis: /home/supersonic/Lab/ZCU102-Ethernet/2019.2/pl_eth_10g/Hardware/pl_eth_10g_hw/pl_eth_10g.srcs/sources_1/bd/pl_eth_10g/ipshared/ec67/hdl/axi_infrastructure_v1_1_vl_rfs.v
Duplicated file found; will not be sent for synthesis: /home/supersonic/Lab/ZCU102-Ethernet/2019.2/pl_eth_10g/Hardware/pl_eth_10g_hw/pl_eth_10g.srcs/sources_1/bd/pl_eth_10g/ipshared/72d4/hdl/axi_register_slice_v2_1_vl_rfs.v
Duplicated file found; will not be sent for synthesis: /home/supersonic/Lab/ZCU102-Ethernet/2019.2/pl_eth_10g/Hardware/pl_eth_10g_hw/pl_eth_10g.srcs/sources_1/bd/pl_eth_10g/ipshared/cba0/hdl/axi_mmu_v2_1_vl_rfs.v
Duplicated file found; will not be sent for synthesis: /home/supersonic/Lab/ZCU102-Ethernet/2019.2/pl_eth_10g/Hardware/pl_eth_10g_hw/pl_eth_10g.srcs/sources_1/bd/pl_eth_10g/ipshared/b752/hdl/generic_baseblocks_v2_1_vl_rfs.v
Duplicated file found; will not be sent for synthesis: /home/supersonic/Lab/ZCU102-Ethernet/2019.2/pl_eth_10g/Hardware/pl_eth_10g_hw/pl_eth_10g.srcs/sources_1/bd/pl_eth_10g/ipshared/ec67/hdl/axi_infrastructure_v1_1_0.vh
Duplicated file found; will not be sent for synthesis: /home/supersonic/Lab/ZCU102-Ethernet/2019.2/pl_eth_10g/Hardware/pl_eth_10g_hw/pl_eth_10g.srcs/sources_1/bd/pl_eth_10g/ipshared/ec67/hdl/axi_infrastructure_v1_1_vl_rfs.v
Duplicated file found; will not be sent for synthesis: /home/supersonic/Lab/ZCU102-Ethernet/2019.2/pl_eth_10g/Hardware/pl_eth_10g_hw/pl_eth_10g.srcs/sources_1/bd/pl_eth_10g/ipshared/72d4/hdl/axi_register_slice_v2_1_vl_rfs.v
Duplicated file found; will not be sent for synthesis: /home/supersonic/Lab/ZCU102-Ethernet/2019.2/pl_eth_10g/Hardware/pl_eth_10g_hw/pl_eth_10g.srcs/sources_1/bd/pl_eth_10g/ipshared/60de/hdl/axi_data_fifo_v2_1_vl_rfs.v
Duplicated file found; will not be sent for synthesis: /home/supersonic/Lab/ZCU102-Ethernet/2019.2/pl_eth_10g/Hardware/pl_eth_10g_hw/pl_eth_10g.srcs/sources_1/bd/pl_eth_10g/ipshared/6b0d/hdl/axi_crossbar_v2_1_vl_rfs.v
Duplicated file found; will not be sent for synthesis: /home/supersonic/Lab/ZCU102-Ethernet/2019.2/pl_eth_10g/Hardware/pl_eth_10g_hw/pl_eth_10g.srcs/sources_1/bd/pl_eth_10g/ipshared/2985/hdl/blk_mem_gen_v8_4_vhsyn_rfs.vhd
Duplicated file found; will not be sent for synthesis: /home/supersonic/Lab/ZCU102-Ethernet/2019.2/pl_eth_10g/Hardware/pl_eth_10g_hw/pl_eth_10g.srcs/sources_1/bd/pl_eth_10g/ipshared/276e/hdl/fifo_generator_v13_2_vhsyn_rfs.vhd
Duplicated file found; will not be sent for synthesis: /home/supersonic/Lab/ZCU102-Ethernet/2019.2/pl_eth_10g/Hardware/pl_eth_10g_hw/pl_eth_10g.srcs/sources_1/bd/pl_eth_10g/ipshared/b752/hdl/generic_baseblocks_v2_1_vl_rfs.v
Duplicated file found; will not be sent for synthesis: /home/supersonic/Lab/ZCU102-Ethernet/2019.2/pl_eth_10g/Hardware/pl_eth_10g_hw/pl_eth_10g.srcs/sources_1/bd/pl_eth_10g/ipshared/60de/hdl/axi_data_fifo_v2_1_vl_rfs.v
Duplicated file found; will not be sent for synthesis: /home/supersonic/Lab/ZCU102-Ethernet/2019.2/pl_eth_10g/Hardware/pl_eth_10g_hw/pl_eth_10g.srcs/sources_1/bd/pl_eth_10g/ipshared/ec67/hdl/axi_infrastructure_v1_1_0.vh
Duplicated file found; will not be sent for synthesis: /home/supersonic/Lab/ZCU102-Ethernet/2019.2/pl_eth_10g/Hardware/pl_eth_10g_hw/pl_eth_10g.srcs/sources_1/bd/pl_eth_10g/ipshared/ec67/hdl/axi_infrastructure_v1_1_vl_rfs.v
Duplicated file found; will not be sent for synthesis: /home/supersonic/Lab/ZCU102-Ethernet/2019.2/pl_eth_10g/Hardware/pl_eth_10g_hw/pl_eth_10g.srcs/sources_1/bd/pl_eth_10g/ipshared/72d4/hdl/axi_register_slice_v2_1_vl_rfs.v
Duplicated file found; will not be sent for synthesis: /home/supersonic/Lab/ZCU102-Ethernet/2019.2/pl_eth_10g/Hardware/pl_eth_10g_hw/pl_eth_10g.srcs/sources_1/bd/pl_eth_10g/ipshared/c4a6/hdl/axi_protocol_converter_v2_1_vl_rfs.v
Duplicated file found; will not be sent for synthesis: /home/supersonic/Lab/ZCU102-Ethernet/2019.2/pl_eth_10g/Hardware/pl_eth_10g_hw/pl_eth_10g.srcs/sources_1/bd/pl_eth_10g/ipshared/9e81/hdl/axi_clock_converter_v2_1_vl_rfs.v
Duplicated file found; will not be sent for synthesis: /home/supersonic/Lab/ZCU102-Ethernet/2019.2/pl_eth_10g/Hardware/pl_eth_10g_hw/pl_eth_10g.srcs/sources_1/bd/pl_eth_10g/ipshared/2985/hdl/blk_mem_gen_v8_4_vhsyn_rfs.vhd
Duplicated file found; will not be sent for synthesis: /home/supersonic/Lab/ZCU102-Ethernet/2019.2/pl_eth_10g/Hardware/pl_eth_10g_hw/pl_eth_10g.srcs/sources_1/bd/pl_eth_10g/ipshared/276e/hdl/fifo_generator_v13_2_vhsyn_rfs.vhd
Duplicated file found; will not be sent for synthesis: /home/supersonic/Lab/ZCU102-Ethernet/2019.2/pl_eth_10g/Hardware/pl_eth_10g_hw/pl_eth_10g.srcs/sources_1/bd/pl_eth_10g/ipshared/d394/hdl/axi_dwidth_converter_v2_1_vlsyn_rfs.v
Duplicated file found; will not be sent for synthesis: /home/supersonic/Lab/ZCU102-Ethernet/2019.2/pl_eth_10g/Hardware/pl_eth_10g_hw/pl_eth_10g.srcs/sources_1/bd/pl_eth_10g/ipshared/b752/hdl/generic_baseblocks_v2_1_vl_rfs.v
Duplicated file found; will not be sent for synthesis: /home/supersonic/Lab/ZCU102-Ethernet/2019.2/pl_eth_10g/Hardware/pl_eth_10g_hw/pl_eth_10g.srcs/sources_1/bd/pl_eth_10g/ipshared/60de/hdl/axi_data_fifo_v2_1_vl_rfs.v
Duplicated file found; will not be sent for synthesis: /home/supersonic/Lab/ZCU102-Ethernet/2019.2/pl_eth_10g/Hardware/pl_eth_10g_hw/pl_eth_10g.srcs/sources_1/bd/pl_eth_10g/ipshared/ec67/hdl/axi_infrastructure_v1_1_0.vh
Duplicated file found; will not be sent for synthesis: /home/supersonic/Lab/ZCU102-Ethernet/2019.2/pl_eth_10g/Hardware/pl_eth_10g_hw/pl_eth_10g.srcs/sources_1/bd/pl_eth_10g/ipshared/ec67/hdl/axi_infrastructure_v1_1_vl_rfs.v
Duplicated file found; will not be sent for synthesis: /home/supersonic/Lab/ZCU102-Ethernet/2019.2/pl_eth_10g/Hardware/pl_eth_10g_hw/pl_eth_10g.srcs/sources_1/bd/pl_eth_10g/ipshared/72d4/hdl/axi_register_slice_v2_1_vl_rfs.v
Duplicated file found; will not be sent for synthesis: /home/supersonic/Lab/ZCU102-Ethernet/2019.2/pl_eth_10g/Hardware/pl_eth_10g_hw/pl_eth_10g.srcs/sources_1/bd/pl_eth_10g/ipshared/c4a6/hdl/axi_protocol_converter_v2_1_vl_rfs.v
Duplicated file found; will not be sent for synthesis: /home/supersonic/Lab/ZCU102-Ethernet/2019.2/pl_eth_10g/Hardware/pl_eth_10g_hw/pl_eth_10g.srcs/sources_1/bd/pl_eth_10g/ipshared/2985/hdl/blk_mem_gen_v8_4_vhsyn_rfs.vhd
Duplicated file found; will not be sent for synthesis: /home/supersonic/Lab/ZCU102-Ethernet/2019.2/pl_eth_10g/Hardware/pl_eth_10g_hw/pl_eth_10g.srcs/sources_1/bd/pl_eth_10g/ipshared/276e/hdl/fifo_generator_v13_2_vhsyn_rfs.vhd
Duplicated file found; will not be sent for synthesis: /home/supersonic/Lab/ZCU102-Ethernet/2019.2/pl_eth_10g/Hardware/pl_eth_10g_hw/pl_eth_10g.srcs/sources_1/bd/pl_eth_10g/ipshared/b752/hdl/generic_baseblocks_v2_1_vl_rfs.v
Duplicated file found; will not be sent for synthesis: /home/supersonic/Lab/ZCU102-Ethernet/2019.2/pl_eth_10g/Hardware/pl_eth_10g_hw/pl_eth_10g.srcs/sources_1/bd/pl_eth_10g/ipshared/60de/hdl/axi_data_fifo_v2_1_vl_rfs.v
Duplicated file found; will not be sent for synthesis: /home/supersonic/Lab/ZCU102-Ethernet/2019.2/pl_eth_10g/Hardware/pl_eth_10g_hw/pl_eth_10g.srcs/sources_1/bd/pl_eth_10g/ipshared/ec67/hdl/axi_infrastructure_v1_1_0.vh
Duplicated file found; will not be sent for synthesis: /home/supersonic/Lab/ZCU102-Ethernet/2019.2/pl_eth_10g/Hardware/pl_eth_10g_hw/pl_eth_10g.srcs/sources_1/bd/pl_eth_10g/ipshared/ec67/hdl/axi_infrastructure_v1_1_vl_rfs.v
Duplicated file found; will not be sent for synthesis: /home/supersonic/Lab/ZCU102-Ethernet/2019.2/pl_eth_10g/Hardware/pl_eth_10g_hw/pl_eth_10g.srcs/sources_1/bd/pl_eth_10g/ipshared/72d4/hdl/axi_register_slice_v2_1_vl_rfs.v
Duplicated file found; will not be sent for synthesis: /home/supersonic/Lab/ZCU102-Ethernet/2019.2/pl_eth_10g/Hardware/pl_eth_10g_hw/pl_eth_10g.srcs/sources_1/bd/pl_eth_10g/ipshared/c4a6/hdl/axi_protocol_converter_v2_1_vl_rfs.v
Duplicated file found; will not be sent for synthesis: /home/supersonic/Lab/ZCU102-Ethernet/2019.2/pl_eth_10g/Hardware/pl_eth_10g_hw/pl_eth_10g.srcs/sources_1/bd/pl_eth_10g/ipshared/9e81/hdl/axi_clock_converter_v2_1_vl_rfs.v
Duplicated file found; will not be sent for synthesis: /home/supersonic/Lab/ZCU102-Ethernet/2019.2/pl_eth_10g/Hardware/pl_eth_10g_hw/pl_eth_10g.srcs/sources_1/bd/pl_eth_10g/ipshared/2985/hdl/blk_mem_gen_v8_4_vhsyn_rfs.vhd
Duplicated file found; will not be sent for synthesis: /home/supersonic/Lab/ZCU102-Ethernet/2019.2/pl_eth_10g/Hardware/pl_eth_10g_hw/pl_eth_10g.srcs/sources_1/bd/pl_eth_10g/ipshared/276e/hdl/fifo_generator_v13_2_vhsyn_rfs.vhd
Duplicated file found; will not be sent for synthesis: /home/supersonic/Lab/ZCU102-Ethernet/2019.2/pl_eth_10g/Hardware/pl_eth_10g_hw/pl_eth_10g.srcs/sources_1/bd/pl_eth_10g/ipshared/d394/hdl/axi_dwidth_converter_v2_1_vlsyn_rfs.v
Duplicated file found; will not be sent for synthesis: /home/supersonic/Lab/ZCU102-Ethernet/2019.2/pl_eth_10g/Hardware/pl_eth_10g_hw/pl_eth_10g.srcs/sources_1/bd/pl_eth_10g/ipshared/b752/hdl/generic_baseblocks_v2_1_vl_rfs.v
Duplicated file found; will not be sent for synthesis: /home/supersonic/Lab/ZCU102-Ethernet/2019.2/pl_eth_10g/Hardware/pl_eth_10g_hw/pl_eth_10g.srcs/sources_1/bd/pl_eth_10g/ipshared/60de/hdl/axi_data_fifo_v2_1_vl_rfs.v
Duplicated file found; will not be sent for synthesis: /home/supersonic/Lab/ZCU102-Ethernet/2019.2/pl_eth_10g/Hardware/pl_eth_10g_hw/pl_eth_10g.srcs/sources_1/bd/pl_eth_10g/ipshared/ec67/hdl/axi_infrastructure_v1_1_0.vh
Duplicated file found; will not be sent for synthesis: /home/supersonic/Lab/ZCU102-Ethernet/2019.2/pl_eth_10g/Hardware/pl_eth_10g_hw/pl_eth_10g.srcs/sources_1/bd/pl_eth_10g/ipshared/ec67/hdl/axi_infrastructure_v1_1_vl_rfs.v
Duplicated file found; will not be sent for synthesis: /home/supersonic/Lab/ZCU102-Ethernet/2019.2/pl_eth_10g/Hardware/pl_eth_10g_hw/pl_eth_10g.srcs/sources_1/bd/pl_eth_10g/ipshared/72d4/hdl/axi_register_slice_v2_1_vl_rfs.v
Duplicated file found; will not be sent for synthesis: /home/supersonic/Lab/ZCU102-Ethernet/2019.2/pl_eth_10g/Hardware/pl_eth_10g_hw/pl_eth_10g.srcs/sources_1/bd/pl_eth_10g/ipshared/c4a6/hdl/axi_protocol_converter_v2_1_vl_rfs.v
Duplicated file found; will not be sent for synthesis: /home/supersonic/Lab/ZCU102-Ethernet/2019.2/pl_eth_10g/Hardware/pl_eth_10g_hw/pl_eth_10g.srcs/sources_1/bd/pl_eth_10g/ipshared/2985/hdl/blk_mem_gen_v8_4_vhsyn_rfs.vhd
Duplicated file found; will not be sent for synthesis: /home/supersonic/Lab/ZCU102-Ethernet/2019.2/pl_eth_10g/Hardware/pl_eth_10g_hw/pl_eth_10g.srcs/sources_1/bd/pl_eth_10g/ipshared/276e/hdl/fifo_generator_v13_2_vhsyn_rfs.vhd
Duplicated file found; will not be sent for synthesis: /home/supersonic/Lab/ZCU102-Ethernet/2019.2/pl_eth_10g/Hardware/pl_eth_10g_hw/pl_eth_10g.srcs/sources_1/bd/pl_eth_10g/ipshared/ef1e/hdl/lib_cdc_v1_0_rfs.vhd
Duplicated file found; will not be sent for synthesis: /home/supersonic/Lab/ZCU102-Ethernet/2019.2/pl_eth_10g/Hardware/pl_eth_10g_hw/pl_eth_10g.srcs/sources_1/bd/pl_eth_10g/ipshared/2137/hdl/util_vector_logic_v2_0_vl_rfs.v
CRC performance measure: elapsed=00:00:00s;;memory_peak=7981.508MB;;memory_gain=0.000MB
